<?xml version="1.0" encoding="utf-8"?>
<testsuites>
<testsuite package="org.eslint" time="0" tests="1" errors="0" name="/Users/timothycharleswright/Sites/va-gov/content-build/config/manifest-helpers.js">
<testcase time="0" name="/Users/timothycharleswright/Sites/va-gov/content-build/config/manifest-helpers.js" classname="/Users/timothycharleswright/Sites/va-gov/content-build/config/manifest-helpers" />
</testsuite>
<testsuite package="org.eslint" time="0" tests="1" errors="0" name="/Users/timothycharleswright/Sites/va-gov/content-build/config/nightwatch-globals-sauce.js">
<testcase time="0" name="/Users/timothycharleswright/Sites/va-gov/content-build/config/nightwatch-globals-sauce.js" classname="/Users/timothycharleswright/Sites/va-gov/content-build/config/nightwatch-globals-sauce" />
</testsuite>
<testsuite package="org.eslint" time="0" tests="1" errors="0" name="/Users/timothycharleswright/Sites/va-gov/content-build/config/nightwatch-sauce.js">
<testcase time="0" name="/Users/timothycharleswright/Sites/va-gov/content-build/config/nightwatch-sauce.js" classname="/Users/timothycharleswright/Sites/va-gov/content-build/config/nightwatch-sauce" />
</testsuite>
<testsuite package="org.eslint" time="0" tests="1" errors="0" name="/Users/timothycharleswright/Sites/va-gov/content-build/config/nightwatch.docker-compose.js">
<testcase time="0" name="/Users/timothycharleswright/Sites/va-gov/content-build/config/nightwatch.docker-compose.js" classname="/Users/timothycharleswright/Sites/va-gov/content-build/config/nightwatch.docker-compose" />
</testsuite>
<testsuite package="org.eslint" time="0" tests="1" errors="0" name="/Users/timothycharleswright/Sites/va-gov/content-build/config/nightwatch.js">
<testcase time="0" name="/Users/timothycharleswright/Sites/va-gov/content-build/config/nightwatch.js" classname="/Users/timothycharleswright/Sites/va-gov/content-build/config/nightwatch" />
</testsuite>
<testsuite package="org.eslint" time="0" tests="1" errors="0" name="/Users/timothycharleswright/Sites/va-gov/content-build/script/app-coverage-report.js">
<testcase time="0" name="/Users/timothycharleswright/Sites/va-gov/content-build/script/app-coverage-report.js" classname="/Users/timothycharleswright/Sites/va-gov/content-build/script/app-coverage-report" />
</testsuite>
<testsuite package="org.eslint" time="0" tests="1" errors="0" name="/Users/timothycharleswright/Sites/va-gov/content-build/script/build-content.js">
<testcase time="0" name="/Users/timothycharleswright/Sites/va-gov/content-build/script/build-content.js" classname="/Users/timothycharleswright/Sites/va-gov/content-build/script/build-content" />
</testsuite>
<testsuite package="org.eslint" time="0" tests="1" errors="0" name="/Users/timothycharleswright/Sites/va-gov/content-build/script/build-help.js">
<testcase time="0" name="/Users/timothycharleswright/Sites/va-gov/content-build/script/build-help.js" classname="/Users/timothycharleswright/Sites/va-gov/content-build/script/build-help" />
</testsuite>
<testsuite package="org.eslint" time="0" tests="2" errors="2" name="/Users/timothycharleswright/Sites/va-gov/content-build/script/check-node-version.js">
<testcase time="0" name="org.eslint.import/order" classname="/Users/timothycharleswright/Sites/va-gov/content-build/script/check-node-version"><failure message="`chalk` import should occur before import of `../package.json`"><![CDATA[line 4, col 15, Error - `chalk` import should occur before import of `../package.json` (import/order)]]></failure></testcase>
<testcase time="0" name="org.eslint.prettier/prettier" classname="/Users/timothycharleswright/Sites/va-gov/content-build/script/check-node-version"><failure message="Replace `&#9166;&#183;&#183;&#183;&#183;&#183;&#183;&#183;&#183;process.version&#9166;&#183;&#183;&#183;&#183;&#183;&#183;` with `process.version`"><![CDATA[line 13, col 90, Error - Replace `&#9166;&#183;&#183;&#183;&#183;&#183;&#183;&#183;&#183;process.version&#9166;&#183;&#183;&#183;&#183;&#183;&#183;` with `process.version` (prettier/prettier)]]></failure></testcase>
</testsuite>
<testsuite package="org.eslint" time="0" tests="1" errors="0" name="/Users/timothycharleswright/Sites/va-gov/content-build/script/cms/config.js">
<testcase time="0" name="/Users/timothycharleswright/Sites/va-gov/content-build/script/cms/config.js" classname="/Users/timothycharleswright/Sites/va-gov/content-build/script/cms/config" />
</testsuite>
<testsuite package="org.eslint" time="0" tests="1" errors="1" name="/Users/timothycharleswright/Sites/va-gov/content-build/script/cms/genBundleSchema.js">
<testcase time="0" name="org.eslint.import/order" classname="/Users/timothycharleswright/Sites/va-gov/content-build/script/cms/genBundleSchema"><failure message="`lodash` import should occur before import of `./config`"><![CDATA[line 3, col 11, Error - `lodash` import should occur before import of `./config` (import/order)]]></failure></testcase>
</testsuite>
<testsuite package="org.eslint" time="0" tests="4" errors="4" name="/Users/timothycharleswright/Sites/va-gov/content-build/script/cms/genGraphQl.js">
<testcase time="0" name="org.eslint.prefer-destructuring" classname="/Users/timothycharleswright/Sites/va-gov/content-build/script/cms/genGraphQl"><failure message="Use object destructuring."><![CDATA[line 12, col 5, Error - Use object destructuring. (prefer-destructuring)]]></failure></testcase>
<testcase time="0" name="org.eslint.prettier/prettier" classname="/Users/timothycharleswright/Sites/va-gov/content-build/script/cms/genGraphQl"><failure message="Insert `&#183;`"><![CDATA[line 20, col 1, Error - Insert `&#183;` (prettier/prettier)]]></failure></testcase>
<testcase time="0" name="org.eslint.prettier/prettier" classname="/Users/timothycharleswright/Sites/va-gov/content-build/script/cms/genGraphQl"><failure message="Insert `&#183;`"><![CDATA[line 21, col 1, Error - Insert `&#183;` (prettier/prettier)]]></failure></testcase>
<testcase time="0" name="org.eslint.prefer-destructuring" classname="/Users/timothycharleswright/Sites/va-gov/content-build/script/cms/genGraphQl"><failure message="Use object destructuring."><![CDATA[line 49, col 9, Error - Use object destructuring. (prefer-destructuring)]]></failure></testcase>
</testsuite>
<testsuite package="org.eslint" time="0" tests="1" errors="0" name="/Users/timothycharleswright/Sites/va-gov/content-build/script/cms/test-bundle-transformers.js">
<testcase time="0" name="/Users/timothycharleswright/Sites/va-gov/content-build/script/cms/test-bundle-transformers.js" classname="/Users/timothycharleswright/Sites/va-gov/content-build/script/cms/test-bundle-transformers" />
</testsuite>
<testsuite package="org.eslint" time="0" tests="1" errors="0" name="/Users/timothycharleswright/Sites/va-gov/content-build/script/content-build-compare.js">
<testcase time="0" name="/Users/timothycharleswright/Sites/va-gov/content-build/script/content-build-compare.js" classname="/Users/timothycharleswright/Sites/va-gov/content-build/script/content-build-compare" />
</testsuite>
<testsuite package="org.eslint" time="0" tests="1" errors="0" name="/Users/timothycharleswright/Sites/va-gov/content-build/script/content-build-help.js">
<testcase time="0" name="/Users/timothycharleswright/Sites/va-gov/content-build/script/content-build-help.js" classname="/Users/timothycharleswright/Sites/va-gov/content-build/script/content-build-help" />
</testsuite>
<testsuite package="org.eslint" time="0" tests="1" errors="0" name="/Users/timothycharleswright/Sites/va-gov/content-build/script/copy-entities.js">
<testcase time="0" name="/Users/timothycharleswright/Sites/va-gov/content-build/script/copy-entities.js" classname="/Users/timothycharleswright/Sites/va-gov/content-build/script/copy-entities" />
</testsuite>
<testsuite package="org.eslint" time="0" tests="1" errors="0" name="/Users/timothycharleswright/Sites/va-gov/content-build/script/drupal-aws-cache.js">
<testcase time="0" name="/Users/timothycharleswright/Sites/va-gov/content-build/script/drupal-aws-cache.js" classname="/Users/timothycharleswright/Sites/va-gov/content-build/script/drupal-aws-cache" />
</testsuite>
<testsuite package="org.eslint" time="0" tests="1" errors="0" name="/Users/timothycharleswright/Sites/va-gov/content-build/script/eslint-plugin-va/index.js">
<testcase time="0" name="/Users/timothycharleswright/Sites/va-gov/content-build/script/eslint-plugin-va/index.js" classname="/Users/timothycharleswright/Sites/va-gov/content-build/script/eslint-plugin-va/index" />
</testsuite>
<testsuite package="org.eslint" time="0" tests="1" errors="0" name="/Users/timothycharleswright/Sites/va-gov/content-build/script/eslint-plugin-va/rules/axe-e2e-tests.js">
<testcase time="0" name="/Users/timothycharleswright/Sites/va-gov/content-build/script/eslint-plugin-va/rules/axe-e2e-tests.js" classname="/Users/timothycharleswright/Sites/va-gov/content-build/script/eslint-plugin-va/rules/axe-e2e-tests" />
</testsuite>
<testsuite package="org.eslint" time="0" tests="1" errors="0" name="/Users/timothycharleswright/Sites/va-gov/content-build/script/eslint-plugin-va/rules/enzyme-unmount.js">
<testcase time="0" name="/Users/timothycharleswright/Sites/va-gov/content-build/script/eslint-plugin-va/rules/enzyme-unmount.js" classname="/Users/timothycharleswright/Sites/va-gov/content-build/script/eslint-plugin-va/rules/enzyme-unmount" />
</testsuite>
<testsuite package="org.eslint" time="0" tests="1" errors="0" name="/Users/timothycharleswright/Sites/va-gov/content-build/script/eslint-plugin-va/rules/proptypes-camel-cased.js">
<testcase time="0" name="/Users/timothycharleswright/Sites/va-gov/content-build/script/eslint-plugin-va/rules/proptypes-camel-cased.js" classname="/Users/timothycharleswright/Sites/va-gov/content-build/script/eslint-plugin-va/rules/proptypes-camel-cased" />
</testsuite>
<testsuite package="org.eslint" time="0" tests="1" errors="1" name="/Users/timothycharleswright/Sites/va-gov/content-build/script/eslint-plugin-va/rules/resolved-path-on-required.js">
<testcase time="0" name="org.eslint.prefer-destructuring" classname="/Users/timothycharleswright/Sites/va-gov/content-build/script/eslint-plugin-va/rules/resolved-path-on-required"><failure message="Use object destructuring."><![CDATA[line 47, col 17, Error - Use object destructuring. (prefer-destructuring)]]></failure></testcase>
</testsuite>
<testsuite package="org.eslint" time="0" tests="2" errors="2" name="/Users/timothycharleswright/Sites/va-gov/content-build/script/eslint-plugin-va/rules/use-resolved-path.js">
<testcase time="0" name="org.eslint.prefer-destructuring" classname="/Users/timothycharleswright/Sites/va-gov/content-build/script/eslint-plugin-va/rules/use-resolved-path"><failure message="Use object destructuring."><![CDATA[line 50, col 15, Error - Use object destructuring. (prefer-destructuring)]]></failure></testcase>
<testcase time="0" name="org.eslint.prefer-destructuring" classname="/Users/timothycharleswright/Sites/va-gov/content-build/script/eslint-plugin-va/rules/use-resolved-path"><failure message="Use object destructuring."><![CDATA[line 62, col 17, Error - Use object destructuring. (prefer-destructuring)]]></failure></testcase>
</testsuite>
<testsuite package="org.eslint" time="0" tests="1" errors="0" name="/Users/timothycharleswright/Sites/va-gov/content-build/script/prearchive.js">
<testcase time="0" name="/Users/timothycharleswright/Sites/va-gov/content-build/script/prearchive.js" classname="/Users/timothycharleswright/Sites/va-gov/content-build/script/prearchive" />
</testsuite>
<testsuite package="org.eslint" time="0" tests="1" errors="0" name="/Users/timothycharleswright/Sites/va-gov/content-build/script/prebuild.js">
<testcase time="0" name="/Users/timothycharleswright/Sites/va-gov/content-build/script/prebuild.js" classname="/Users/timothycharleswright/Sites/va-gov/content-build/script/prebuild" />
</testsuite>
<testsuite package="org.eslint" time="0" tests="4" errors="4" name="/Users/timothycharleswright/Sites/va-gov/content-build/script/preview.js">
<testcase time="0" name="org.eslint.prettier/prettier" classname="/Users/timothycharleswright/Sites/va-gov/content-build/script/preview"><failure message="Replace `&#9166;&#183;&#183;&#183;&#183;&#183;&#183;&#183;&#183;&#183;&#183;&#183;&#183;&#183;&#183;resp.statusText&#9166;&#183;&#183;&#183;&#183;&#183;&#183;&#183;&#183;&#183;&#183;&#183;&#183;` with `resp.statusText`"><![CDATA[line 125, col 66, Error - Replace `&#9166;&#183;&#183;&#183;&#183;&#183;&#183;&#183;&#183;&#183;&#183;&#183;&#183;&#183;&#183;resp.statusText&#9166;&#183;&#183;&#183;&#183;&#183;&#183;&#183;&#183;&#183;&#183;&#183;&#183;` with `resp.statusText` (prettier/prettier)]]></failure></testcase>
<testcase time="0" name="org.eslint.prettier/prettier" classname="/Users/timothycharleswright/Sites/va-gov/content-build/script/preview"><failure message="Replace `&#9166;&#183;&#183;&#183;&#183;&#183;&#183;&#183;&#183;&#183;&#183;&#183;&#183;resp.statusText&#9166;&#183;&#183;&#183;&#183;&#183;&#183;&#183;&#183;&#183;&#183;` with `resp.statusText`"><![CDATA[line 138, col 74, Error - Replace `&#9166;&#183;&#183;&#183;&#183;&#183;&#183;&#183;&#183;&#183;&#183;&#183;&#183;resp.statusText&#9166;&#183;&#183;&#183;&#183;&#183;&#183;&#183;&#183;&#183;&#183;` with `resp.statusText` (prettier/prettier)]]></failure></testcase>
<testcase time="0" name="org.eslint.no-buffer-constructor" classname="/Users/timothycharleswright/Sites/va-gov/content-build/script/preview"><failure message="new Buffer() is deprecated. Use Buffer.from(), Buffer.alloc(), or Buffer.allocUnsafe() instead."><![CDATA[line 185, col 19, Error - new Buffer() is deprecated. Use Buffer.from(), Buffer.alloc(), or Buffer.allocUnsafe() instead. (no-buffer-constructor)]]></failure></testcase>
<testcase time="0" name="org.eslint.no-buffer-constructor" classname="/Users/timothycharleswright/Sites/va-gov/content-build/script/preview"><failure message="new Buffer() is deprecated. Use Buffer.from(), Buffer.alloc(), or Buffer.allocUnsafe() instead."><![CDATA[line 190, col 27, Error - new Buffer() is deprecated. Use Buffer.from(), Buffer.alloc(), or Buffer.allocUnsafe() instead. (no-buffer-constructor)]]></failure></testcase>
</testsuite>
<testsuite package="org.eslint" time="0" tests="1" errors="0" name="/Users/timothycharleswright/Sites/va-gov/content-build/script/run-unit-test-help.js">
<testcase time="0" name="/Users/timothycharleswright/Sites/va-gov/content-build/script/run-unit-test-help.js" classname="/Users/timothycharleswright/Sites/va-gov/content-build/script/run-unit-test-help" />
</testsuite>
<testsuite package="org.eslint" time="0" tests="1" errors="0" name="/Users/timothycharleswright/Sites/va-gov/content-build/script/run-unit-test.js">
<testcase time="0" name="/Users/timothycharleswright/Sites/va-gov/content-build/script/run-unit-test.js" classname="/Users/timothycharleswright/Sites/va-gov/content-build/script/run-unit-test" />
</testsuite>
<testsuite package="org.eslint" time="0" tests="1" errors="0" name="/Users/timothycharleswright/Sites/va-gov/content-build/script/security-check.js">
<testcase time="0" name="/Users/timothycharleswright/Sites/va-gov/content-build/script/security-check.js" classname="/Users/timothycharleswright/Sites/va-gov/content-build/script/security-check" />
</testsuite>
<testsuite package="org.eslint" time="0" tests="1" errors="0" name="/Users/timothycharleswright/Sites/va-gov/content-build/script/utils.js">
<testcase time="0" name="/Users/timothycharleswright/Sites/va-gov/content-build/script/utils.js" classname="/Users/timothycharleswright/Sites/va-gov/content-build/script/utils" />
</testsuite>
<testsuite package="org.eslint" time="0" tests="1" errors="0" name="/Users/timothycharleswright/Sites/va-gov/content-build/script/watch-tests.js">
<testcase time="0" name="/Users/timothycharleswright/Sites/va-gov/content-build/script/watch-tests.js" classname="/Users/timothycharleswright/Sites/va-gov/content-build/script/watch-tests" />
</testsuite>
<testsuite package="org.eslint" time="0" tests="1" errors="0" name="/Users/timothycharleswright/Sites/va-gov/content-build/src/platform/site-wide/moment-setup.js">
<testcase time="0" name="/Users/timothycharleswright/Sites/va-gov/content-build/src/platform/site-wide/moment-setup.js" classname="/Users/timothycharleswright/Sites/va-gov/content-build/src/platform/site-wide/moment-setup" />
</testsuite>
<testsuite package="org.eslint" time="0" tests="1" errors="0" name="/Users/timothycharleswright/Sites/va-gov/content-build/src/platform/testing/unit/enzyme-setup.js">
<testcase time="0" name="/Users/timothycharleswright/Sites/va-gov/content-build/src/platform/testing/unit/enzyme-setup.js" classname="/Users/timothycharleswright/Sites/va-gov/content-build/src/platform/testing/unit/enzyme-setup" />
</testsuite>
<testsuite package="org.eslint" time="0" tests="1" errors="0" name="/Users/timothycharleswright/Sites/va-gov/content-build/src/platform/testing/unit/mocha-setup.js">
<testcase time="0" name="/Users/timothycharleswright/Sites/va-gov/content-build/src/platform/testing/unit/mocha-setup.js" classname="/Users/timothycharleswright/Sites/va-gov/content-build/src/platform/testing/unit/mocha-setup" />
</testsuite>
<testsuite package="org.eslint" time="0" tests="1" errors="0" name="/Users/timothycharleswright/Sites/va-gov/content-build/src/platform/testing/unit/sentry.js">
<testcase time="0" name="/Users/timothycharleswright/Sites/va-gov/content-build/src/platform/testing/unit/sentry.js" classname="/Users/timothycharleswright/Sites/va-gov/content-build/src/platform/testing/unit/sentry" />
</testsuite>
<testsuite package="org.eslint" time="0" tests="1" errors="0" name="/Users/timothycharleswright/Sites/va-gov/content-build/src/site/constants/assetSources.js">
<testcase time="0" name="/Users/timothycharleswright/Sites/va-gov/content-build/src/site/constants/assetSources.js" classname="/Users/timothycharleswright/Sites/va-gov/content-build/src/site/constants/assetSources" />
</testsuite>
<testsuite package="org.eslint" time="0" tests="1" errors="0" name="/Users/timothycharleswright/Sites/va-gov/content-build/src/site/constants/buckets.js">
<testcase time="0" name="/Users/timothycharleswright/Sites/va-gov/content-build/src/site/constants/buckets.js" classname="/Users/timothycharleswright/Sites/va-gov/content-build/src/site/constants/buckets" />
</testsuite>
<testsuite package="org.eslint" time="0" tests="1" errors="0" name="/Users/timothycharleswright/Sites/va-gov/content-build/src/site/constants/content-modeling.js">
<testcase time="0" name="/Users/timothycharleswright/Sites/va-gov/content-build/src/site/constants/content-modeling.js" classname="/Users/timothycharleswright/Sites/va-gov/content-build/src/site/constants/content-modeling" />
</testsuite>
<testsuite package="org.eslint" time="0" tests="1" errors="1" name="/Users/timothycharleswright/Sites/va-gov/content-build/src/site/constants/drupals.js">
<testcase time="0" name="org.eslint.no-unused-vars" classname="/Users/timothycharleswright/Sites/va-gov/content-build/src/site/constants/drupals"><failure message="&apos;DRUPAL_STAGING&apos; is assigned a value but never used."><![CDATA[line 10, col 7, Error - &apos;DRUPAL_STAGING&apos; is assigned a value but never used. (no-unused-vars)]]></failure></testcase>
</testsuite>
<testsuite package="org.eslint" time="0" tests="4" errors="4" name="/Users/timothycharleswright/Sites/va-gov/content-build/src/site/constants/environments-configs.js">
<testcase time="0" name="org.eslint.no-restricted-globals" classname="/Users/timothycharleswright/Sites/va-gov/content-build/src/site/constants/environments-configs"><failure message="Unexpected use of &apos;location&apos;."><![CDATA[line 36, col 19, Error - Unexpected use of &apos;location&apos;. (no-restricted-globals)]]></failure></testcase>
<testcase time="0" name="org.eslint.no-restricted-globals" classname="/Users/timothycharleswright/Sites/va-gov/content-build/src/site/constants/environments-configs"><failure message="Unexpected use of &apos;location&apos;."><![CDATA[line 37, col 11, Error - Unexpected use of &apos;location&apos;. (no-restricted-globals)]]></failure></testcase>
<testcase time="0" name="org.eslint.no-restricted-globals" classname="/Users/timothycharleswright/Sites/va-gov/content-build/src/site/constants/environments-configs"><failure message="Unexpected use of &apos;location&apos;."><![CDATA[line 37, col 27, Error - Unexpected use of &apos;location&apos;. (no-restricted-globals)]]></failure></testcase>
<testcase time="0" name="org.eslint.no-restricted-globals" classname="/Users/timothycharleswright/Sites/va-gov/content-build/src/site/constants/environments-configs"><failure message="Unexpected use of &apos;location&apos;."><![CDATA[line 41, col 19, Error - Unexpected use of &apos;location&apos;. (no-restricted-globals)]]></failure></testcase>
</testsuite>
<testsuite package="org.eslint" time="0" tests="1" errors="0" name="/Users/timothycharleswright/Sites/va-gov/content-build/src/site/constants/environments.js">
<testcase time="0" name="/Users/timothycharleswright/Sites/va-gov/content-build/src/site/constants/environments.js" classname="/Users/timothycharleswright/Sites/va-gov/content-build/src/site/constants/environments" />
</testsuite>
<testsuite package="org.eslint" time="0" tests="1" errors="0" name="/Users/timothycharleswright/Sites/va-gov/content-build/src/site/constants/hostnames.js">
<testcase time="0" name="/Users/timothycharleswright/Sites/va-gov/content-build/src/site/constants/hostnames.js" classname="/Users/timothycharleswright/Sites/va-gov/content-build/src/site/constants/hostnames" />
</testsuite>
<testsuite package="org.eslint" time="0" tests="2" errors="2" name="/Users/timothycharleswright/Sites/va-gov/content-build/src/site/filters/liquid.js">
<testcase time="0" name="org.eslint.import/order" classname="/Users/timothycharleswright/Sites/va-gov/content-build/src/site/filters/liquid"><failure message="`./phoneNumberArrayToObject` import should occur after import of `lodash`"><![CDATA[line 1, col 34, Error - `./phoneNumberArrayToObject` import should occur after import of `lodash` (import/order)]]></failure></testcase>
<testcase time="0" name="org.eslint.no-else-return" classname="/Users/timothycharleswright/Sites/va-gov/content-build/src/site/filters/liquid"><failure message="Unnecessary &apos;else&apos; after &apos;return&apos;."><![CDATA[line 47, col 12, Error - Unnecessary &apos;else&apos; after &apos;return&apos;. (no-else-return)]]></failure></testcase>
</testsuite>
<testsuite package="org.eslint" time="0" tests="1" errors="0" name="/Users/timothycharleswright/Sites/va-gov/content-build/src/site/filters/liquid.unit.spec.js">
<testcase time="0" name="/Users/timothycharleswright/Sites/va-gov/content-build/src/site/filters/liquid.unit.spec.js" classname="/Users/timothycharleswright/Sites/va-gov/content-build/src/site/filters/liquid.unit.spec" />
</testsuite>
<testsuite package="org.eslint" time="0" tests="1" errors="0" name="/Users/timothycharleswright/Sites/va-gov/content-build/src/site/filters/phoneNumberArrayToObject.js">
<testcase time="0" name="/Users/timothycharleswright/Sites/va-gov/content-build/src/site/filters/phoneNumberArrayToObject.js" classname="/Users/timothycharleswright/Sites/va-gov/content-build/src/site/filters/phoneNumberArrayToObject" />
</testsuite>
<testsuite package="org.eslint" time="0" tests="1" errors="0" name="/Users/timothycharleswright/Sites/va-gov/content-build/src/site/filters/tests/phoneNumberArrayToObject.spec.js">
<testcase time="0" name="/Users/timothycharleswright/Sites/va-gov/content-build/src/site/filters/tests/phoneNumberArrayToObject.spec.js" classname="/Users/timothycharleswright/Sites/va-gov/content-build/src/site/filters/tests/phoneNumberArrayToObject.spec" />
</testsuite>
<testsuite package="org.eslint" time="0" tests="3" errors="3" name="/Users/timothycharleswright/Sites/va-gov/content-build/src/site/stages/build/drupal/api.js">
<testcase time="0" name="org.eslint.import/order" classname="/Users/timothycharleswright/Sites/va-gov/content-build/src/site/stages/build/drupal/api"><failure message="`syswide-cas` import should occur before import of `../../../constants/drupals`"><![CDATA[line 12, col 20, Error - `syswide-cas` import should occur before import of `../../../constants/drupals` (import/order)]]></failure></testcase>
<testcase time="0" name="org.eslint.prefer-object-spread" classname="/Users/timothycharleswright/Sites/va-gov/content-build/src/site/stages/build/drupal/api"><failure message="Use an object spread instead of `Object.assign` eg: `{ ...foo }`."><![CDATA[line 46, col 24, Error - Use an object spread instead of `Object.assign` eg: `{ ...foo }`. (prefer-object-spread)]]></failure></testcase>
<testcase time="0" name="org.eslint.prefer-object-spread" classname="/Users/timothycharleswright/Sites/va-gov/content-build/src/site/stages/build/drupal/api"><failure message="Use an object spread instead of `Object.assign` eg: `{ ...foo }`."><![CDATA[line 79, col 9, Error - Use an object spread instead of `Object.assign` eg: `{ ...foo }`. (prefer-object-spread)]]></failure></testcase>
</testsuite>
<testsuite package="org.eslint" time="0" tests="2" errors="2" name="/Users/timothycharleswright/Sites/va-gov/content-build/src/site/stages/build/drupal/assets.js">
<testcase time="0" name="org.eslint.import/order" classname="/Users/timothycharleswright/Sites/va-gov/content-build/src/site/stages/build/drupal/assets"><failure message="`./api` import should occur after import of `chalk`"><![CDATA[line 1, col 25, Error - `./api` import should occur after import of `chalk` (import/order)]]></failure></testcase>
<testcase time="0" name="org.eslint.prefer-object-spread" classname="/Users/timothycharleswright/Sites/va-gov/content-build/src/site/stages/build/drupal/assets"><failure message="Use an object spread instead of `Object.assign` eg: `{ ...foo }`."><![CDATA[line 39, col 19, Error - Use an object spread instead of `Object.assign` eg: `{ ...foo }`. (prefer-object-spread)]]></failure></testcase>
</testsuite>
<testsuite package="org.eslint" time="0" tests="1" errors="0" name="/Users/timothycharleswright/Sites/va-gov/content-build/src/site/stages/build/drupal/benefit-hub.js">
<testcase time="0" name="/Users/timothycharleswright/Sites/va-gov/content-build/src/site/stages/build/drupal/benefit-hub.js" classname="/Users/timothycharleswright/Sites/va-gov/content-build/src/site/stages/build/drupal/benefit-hub" />
</testsuite>
<testsuite package="org.eslint" time="0" tests="1" errors="1" name="/Users/timothycharleswright/Sites/va-gov/content-build/src/site/stages/build/drupal/graphql/GetAllPages.graphql.js">
<testcase time="0" name="org.eslint.import/no-useless-path-segments" classname="/Users/timothycharleswright/Sites/va-gov/content-build/src/site/stages/build/drupal/graphql/GetAllPages.graphql"><failure message="Useless path segments for &quot;./../../../../utilities/stringHelpers&quot;, should be &quot;../../../../utilities/stringHelpers&quot;"><![CDATA[line 47, col 13, Error - Useless path segments for &quot;./../../../../utilities/stringHelpers&quot;, should be &quot;../../../../utilities/stringHelpers&quot; (import/no-useless-path-segments)]]></failure></testcase>
</testsuite>
<testsuite package="org.eslint" time="0" tests="1" errors="1" name="/Users/timothycharleswright/Sites/va-gov/content-build/src/site/stages/build/drupal/graphql/GetLatestPageById.graphql.js">
<testcase time="0" name="org.eslint.import/no-useless-path-segments" classname="/Users/timothycharleswright/Sites/va-gov/content-build/src/site/stages/build/drupal/graphql/GetLatestPageById.graphql"><failure message="Useless path segments for &quot;./../../../../utilities/stringHelpers&quot;, should be &quot;../../../../utilities/stringHelpers&quot;"><![CDATA[line 37, col 13, Error - Useless path segments for &quot;./../../../../utilities/stringHelpers&quot;, should be &quot;../../../../utilities/stringHelpers&quot; (import/no-useless-path-segments)]]></failure></testcase>
</testsuite>
<testsuite package="org.eslint" time="0" tests="1" errors="0" name="/Users/timothycharleswright/Sites/va-gov/content-build/src/site/stages/build/drupal/graphql/alerts.graphql.js">
<testcase time="0" name="/Users/timothycharleswright/Sites/va-gov/content-build/src/site/stages/build/drupal/graphql/alerts.graphql.js" classname="/Users/timothycharleswright/Sites/va-gov/content-build/src/site/stages/build/drupal/graphql/alerts.graphql" />
</testsuite>
<testsuite package="org.eslint" time="0" tests="1" errors="0" name="/Users/timothycharleswright/Sites/va-gov/content-build/src/site/stages/build/drupal/graphql/bannerAlerts.graphql.js">
<testcase time="0" name="/Users/timothycharleswright/Sites/va-gov/content-build/src/site/stages/build/drupal/graphql/bannerAlerts.graphql.js" classname="/Users/timothycharleswright/Sites/va-gov/content-build/src/site/stages/build/drupal/graphql/bannerAlerts.graphql" />
</testsuite>
<testsuite package="org.eslint" time="0" tests="1" errors="0" name="/Users/timothycharleswright/Sites/va-gov/content-build/src/site/stages/build/drupal/graphql/benefitListingPage.graphql.js">
<testcase time="0" name="/Users/timothycharleswright/Sites/va-gov/content-build/src/site/stages/build/drupal/graphql/benefitListingPage.graphql.js" classname="/Users/timothycharleswright/Sites/va-gov/content-build/src/site/stages/build/drupal/graphql/benefitListingPage.graphql" />
</testsuite>
<testsuite package="org.eslint" time="0" tests="1" errors="0" name="/Users/timothycharleswright/Sites/va-gov/content-build/src/site/stages/build/drupal/graphql/bioPage.graphql.js">
<testcase time="0" name="/Users/timothycharleswright/Sites/va-gov/content-build/src/site/stages/build/drupal/graphql/bioPage.graphql.js" classname="/Users/timothycharleswright/Sites/va-gov/content-build/src/site/stages/build/drupal/graphql/bioPage.graphql" />
</testsuite>
<testsuite package="org.eslint" time="0" tests="1" errors="0" name="/Users/timothycharleswright/Sites/va-gov/content-build/src/site/stages/build/drupal/graphql/block-fragments/alert.block.graphql.js">
<testcase time="0" name="/Users/timothycharleswright/Sites/va-gov/content-build/src/site/stages/build/drupal/graphql/block-fragments/alert.block.graphql.js" classname="/Users/timothycharleswright/Sites/va-gov/content-build/src/site/stages/build/drupal/graphql/block-fragments/alert.block.graphql" />
</testsuite>
<testsuite package="org.eslint" time="0" tests="1" errors="0" name="/Users/timothycharleswright/Sites/va-gov/content-build/src/site/stages/build/drupal/graphql/block-fragments/promo.block.graphql.js">
<testcase time="0" name="/Users/timothycharleswright/Sites/va-gov/content-build/src/site/stages/build/drupal/graphql/block-fragments/promo.block.graphql.js" classname="/Users/timothycharleswright/Sites/va-gov/content-build/src/site/stages/build/drupal/graphql/block-fragments/promo.block.graphql" />
</testsuite>
<testsuite package="org.eslint" time="0" tests="1" errors="0" name="/Users/timothycharleswright/Sites/va-gov/content-build/src/site/stages/build/drupal/graphql/entityElementsForPages.graphql.js">
<testcase time="0" name="/Users/timothycharleswright/Sites/va-gov/content-build/src/site/stages/build/drupal/graphql/entityElementsForPages.graphql.js" classname="/Users/timothycharleswright/Sites/va-gov/content-build/src/site/stages/build/drupal/graphql/entityElementsForPages.graphql" />
</testsuite>
<testsuite package="org.eslint" time="0" tests="1" errors="0" name="/Users/timothycharleswright/Sites/va-gov/content-build/src/site/stages/build/drupal/graphql/eventListingPage.graphql.js">
<testcase time="0" name="/Users/timothycharleswright/Sites/va-gov/content-build/src/site/stages/build/drupal/graphql/eventListingPage.graphql.js" classname="/Users/timothycharleswright/Sites/va-gov/content-build/src/site/stages/build/drupal/graphql/eventListingPage.graphql" />
</testsuite>
<testsuite package="org.eslint" time="0" tests="1" errors="0" name="/Users/timothycharleswright/Sites/va-gov/content-build/src/site/stages/build/drupal/graphql/eventPage.graphql.js">
<testcase time="0" name="/Users/timothycharleswright/Sites/va-gov/content-build/src/site/stages/build/drupal/graphql/eventPage.graphql.js" classname="/Users/timothycharleswright/Sites/va-gov/content-build/src/site/stages/build/drupal/graphql/eventPage.graphql" />
</testsuite>
<testsuite package="org.eslint" time="0" tests="1" errors="0" name="/Users/timothycharleswright/Sites/va-gov/content-build/src/site/stages/build/drupal/graphql/facilities-fragments/healthCareLocalFacility.node.graphql.js">
<testcase time="0" name="/Users/timothycharleswright/Sites/va-gov/content-build/src/site/stages/build/drupal/graphql/facilities-fragments/healthCareLocalFacility.node.graphql.js" classname="/Users/timothycharleswright/Sites/va-gov/content-build/src/site/stages/build/drupal/graphql/facilities-fragments/healthCareLocalFacility.node.graphql" />
</testsuite>
<testsuite package="org.eslint" time="0" tests="1" errors="0" name="/Users/timothycharleswright/Sites/va-gov/content-build/src/site/stages/build/drupal/graphql/facilities-fragments/healthCareRegionEvents.node.graphql.js">
<testcase time="0" name="/Users/timothycharleswright/Sites/va-gov/content-build/src/site/stages/build/drupal/graphql/facilities-fragments/healthCareRegionEvents.node.graphql.js" classname="/Users/timothycharleswright/Sites/va-gov/content-build/src/site/stages/build/drupal/graphql/facilities-fragments/healthCareRegionEvents.node.graphql" />
</testsuite>
<testsuite package="org.eslint" time="0" tests="1" errors="0" name="/Users/timothycharleswright/Sites/va-gov/content-build/src/site/stages/build/drupal/graphql/facilities-fragments/healthCareRegionFeaturedHealthServces.node.graphql.js">
<testcase time="0" name="/Users/timothycharleswright/Sites/va-gov/content-build/src/site/stages/build/drupal/graphql/facilities-fragments/healthCareRegionFeaturedHealthServces.node.graphql.js" classname="/Users/timothycharleswright/Sites/va-gov/content-build/src/site/stages/build/drupal/graphql/facilities-fragments/healthCareRegionFeaturedHealthServces.node.graphql" />
</testsuite>
<testsuite package="org.eslint" time="0" tests="1" errors="0" name="/Users/timothycharleswright/Sites/va-gov/content-build/src/site/stages/build/drupal/graphql/facilities-fragments/healthCareRegionHealthServices.node.graphql.js">
<testcase time="0" name="/Users/timothycharleswright/Sites/va-gov/content-build/src/site/stages/build/drupal/graphql/facilities-fragments/healthCareRegionHealthServices.node.graphql.js" classname="/Users/timothycharleswright/Sites/va-gov/content-build/src/site/stages/build/drupal/graphql/facilities-fragments/healthCareRegionHealthServices.node.graphql" />
</testsuite>
<testsuite package="org.eslint" time="0" tests="1" errors="0" name="/Users/timothycharleswright/Sites/va-gov/content-build/src/site/stages/build/drupal/graphql/facilities-fragments/healthCareRegionNewsStories.node.graphql.js">
<testcase time="0" name="/Users/timothycharleswright/Sites/va-gov/content-build/src/site/stages/build/drupal/graphql/facilities-fragments/healthCareRegionNewsStories.node.graphql.js" classname="/Users/timothycharleswright/Sites/va-gov/content-build/src/site/stages/build/drupal/graphql/facilities-fragments/healthCareRegionNewsStories.node.graphql" />
</testsuite>
<testsuite package="org.eslint" time="0" tests="1" errors="0" name="/Users/timothycharleswright/Sites/va-gov/content-build/src/site/stages/build/drupal/graphql/facilities-fragments/healthCareRegionStaffBios.node.graphql.js">
<testcase time="0" name="/Users/timothycharleswright/Sites/va-gov/content-build/src/site/stages/build/drupal/graphql/facilities-fragments/healthCareRegionStaffBios.node.graphql.js" classname="/Users/timothycharleswright/Sites/va-gov/content-build/src/site/stages/build/drupal/graphql/facilities-fragments/healthCareRegionStaffBios.node.graphql" />
</testsuite>
<testsuite package="org.eslint" time="0" tests="1" errors="0" name="/Users/timothycharleswright/Sites/va-gov/content-build/src/site/stages/build/drupal/graphql/facilities-fragments/healthCareSocialMedia.fields.graphql.js">
<testcase time="0" name="/Users/timothycharleswright/Sites/va-gov/content-build/src/site/stages/build/drupal/graphql/facilities-fragments/healthCareSocialMedia.fields.graphql.js" classname="/Users/timothycharleswright/Sites/va-gov/content-build/src/site/stages/build/drupal/graphql/facilities-fragments/healthCareSocialMedia.fields.graphql" />
</testsuite>
<testsuite package="org.eslint" time="0" tests="1" errors="0" name="/Users/timothycharleswright/Sites/va-gov/content-build/src/site/stages/build/drupal/graphql/faqMultipleQa.graphql.js">
<testcase time="0" name="/Users/timothycharleswright/Sites/va-gov/content-build/src/site/stages/build/drupal/graphql/faqMultipleQa.graphql.js" classname="/Users/timothycharleswright/Sites/va-gov/content-build/src/site/stages/build/drupal/graphql/faqMultipleQa.graphql" />
</testsuite>
<testsuite package="org.eslint" time="0" tests="3" errors="3" name="/Users/timothycharleswright/Sites/va-gov/content-build/src/site/stages/build/drupal/graphql/file-fragments/appointmentItems.graphql.js">
<testcase time="0" name="org.eslint.prettier/prettier" classname="/Users/timothycharleswright/Sites/va-gov/content-build/src/site/stages/build/drupal/graphql/file-fragments/appointmentItems.graphql"><failure message="Insert `&#183;`"><![CDATA[line 2, col 1, Error - Insert `&#183;` (prettier/prettier)]]></failure></testcase>
<testcase time="0" name="org.eslint.prettier/prettier" classname="/Users/timothycharleswright/Sites/va-gov/content-build/src/site/stages/build/drupal/graphql/file-fragments/appointmentItems.graphql"><failure message="Insert `&#183;`"><![CDATA[line 3, col 1, Error - Insert `&#183;` (prettier/prettier)]]></failure></testcase>
<testcase time="0" name="org.eslint.prettier/prettier" classname="/Users/timothycharleswright/Sites/va-gov/content-build/src/site/stages/build/drupal/graphql/file-fragments/appointmentItems.graphql"><failure message="Insert `&#183;`"><![CDATA[line 4, col 1, Error - Insert `&#183;` (prettier/prettier)]]></failure></testcase>
</testsuite>
<testsuite package="org.eslint" time="0" tests="1" errors="0" name="/Users/timothycharleswright/Sites/va-gov/content-build/src/site/stages/build/drupal/graphql/file-fragments/ics.file.graphql.js">
<testcase time="0" name="/Users/timothycharleswright/Sites/va-gov/content-build/src/site/stages/build/drupal/graphql/file-fragments/ics.file.graphql.js" classname="/Users/timothycharleswright/Sites/va-gov/content-build/src/site/stages/build/drupal/graphql/file-fragments/ics.file.graphql" />
</testsuite>
<testsuite package="org.eslint" time="0" tests="1" errors="0" name="/Users/timothycharleswright/Sites/va-gov/content-build/src/site/stages/build/drupal/graphql/file-fragments/outreachAssets.graphql.js">
<testcase time="0" name="/Users/timothycharleswright/Sites/va-gov/content-build/src/site/stages/build/drupal/graphql/file-fragments/outreachAssets.graphql.js" classname="/Users/timothycharleswright/Sites/va-gov/content-build/src/site/stages/build/drupal/graphql/file-fragments/outreachAssets.graphql" />
</testsuite>
<testsuite package="org.eslint" time="0" tests="1" errors="0" name="/Users/timothycharleswright/Sites/va-gov/content-build/src/site/stages/build/drupal/graphql/fragments.graphql.js">
<testcase time="0" name="/Users/timothycharleswright/Sites/va-gov/content-build/src/site/stages/build/drupal/graphql/fragments.graphql.js" classname="/Users/timothycharleswright/Sites/va-gov/content-build/src/site/stages/build/drupal/graphql/fragments.graphql" />
</testsuite>
<testsuite package="org.eslint" time="0" tests="1" errors="0" name="/Users/timothycharleswright/Sites/va-gov/content-build/src/site/stages/build/drupal/graphql/healthCareLocalFacilityPage.graphql.js">
<testcase time="0" name="/Users/timothycharleswright/Sites/va-gov/content-build/src/site/stages/build/drupal/graphql/healthCareLocalFacilityPage.graphql.js" classname="/Users/timothycharleswright/Sites/va-gov/content-build/src/site/stages/build/drupal/graphql/healthCareLocalFacilityPage.graphql" />
</testsuite>
<testsuite package="org.eslint" time="0" tests="1" errors="0" name="/Users/timothycharleswright/Sites/va-gov/content-build/src/site/stages/build/drupal/graphql/healthCareLocalFacilityPage.old.graphql.js">
<testcase time="0" name="/Users/timothycharleswright/Sites/va-gov/content-build/src/site/stages/build/drupal/graphql/healthCareLocalFacilityPage.old.graphql.js" classname="/Users/timothycharleswright/Sites/va-gov/content-build/src/site/stages/build/drupal/graphql/healthCareLocalFacilityPage.old.graphql" />
</testsuite>
<testsuite package="org.eslint" time="0" tests="1" errors="0" name="/Users/timothycharleswright/Sites/va-gov/content-build/src/site/stages/build/drupal/graphql/healthCareRegionDetailPage.graphql.js">
<testcase time="0" name="/Users/timothycharleswright/Sites/va-gov/content-build/src/site/stages/build/drupal/graphql/healthCareRegionDetailPage.graphql.js" classname="/Users/timothycharleswright/Sites/va-gov/content-build/src/site/stages/build/drupal/graphql/healthCareRegionDetailPage.graphql" />
</testsuite>
<testsuite package="org.eslint" time="0" tests="1" errors="0" name="/Users/timothycharleswright/Sites/va-gov/content-build/src/site/stages/build/drupal/graphql/healthCareRegionPage.graphql.js">
<testcase time="0" name="/Users/timothycharleswright/Sites/va-gov/content-build/src/site/stages/build/drupal/graphql/healthCareRegionPage.graphql.js" classname="/Users/timothycharleswright/Sites/va-gov/content-build/src/site/stages/build/drupal/graphql/healthCareRegionPage.graphql" />
</testsuite>
<testsuite package="org.eslint" time="0" tests="1" errors="0" name="/Users/timothycharleswright/Sites/va-gov/content-build/src/site/stages/build/drupal/graphql/healthServicesListingPage.graphql.js">
<testcase time="0" name="/Users/timothycharleswright/Sites/va-gov/content-build/src/site/stages/build/drupal/graphql/healthServicesListingPage.graphql.js" classname="/Users/timothycharleswright/Sites/va-gov/content-build/src/site/stages/build/drupal/graphql/healthServicesListingPage.graphql" />
</testsuite>
<testsuite package="org.eslint" time="0" tests="1" errors="0" name="/Users/timothycharleswright/Sites/va-gov/content-build/src/site/stages/build/drupal/graphql/homePage.graphql.js">
<testcase time="0" name="/Users/timothycharleswright/Sites/va-gov/content-build/src/site/stages/build/drupal/graphql/homePage.graphql.js" classname="/Users/timothycharleswright/Sites/va-gov/content-build/src/site/stages/build/drupal/graphql/homePage.graphql" />
</testsuite>
<testsuite package="org.eslint" time="0" tests="1" errors="0" name="/Users/timothycharleswright/Sites/va-gov/content-build/src/site/stages/build/drupal/graphql/landingPage.graphql.js">
<testcase time="0" name="/Users/timothycharleswright/Sites/va-gov/content-build/src/site/stages/build/drupal/graphql/landingPage.graphql.js" classname="/Users/timothycharleswright/Sites/va-gov/content-build/src/site/stages/build/drupal/graphql/landingPage.graphql" />
</testsuite>
<testsuite package="org.eslint" time="0" tests="1" errors="0" name="/Users/timothycharleswright/Sites/va-gov/content-build/src/site/stages/build/drupal/graphql/leadershipListingPage.graphql.js">
<testcase time="0" name="/Users/timothycharleswright/Sites/va-gov/content-build/src/site/stages/build/drupal/graphql/leadershipListingPage.graphql.js" classname="/Users/timothycharleswright/Sites/va-gov/content-build/src/site/stages/build/drupal/graphql/leadershipListingPage.graphql" />
</testsuite>
<testsuite package="org.eslint" time="0" tests="1" errors="0" name="/Users/timothycharleswright/Sites/va-gov/content-build/src/site/stages/build/drupal/graphql/locationsListingPage.graphql.js">
<testcase time="0" name="/Users/timothycharleswright/Sites/va-gov/content-build/src/site/stages/build/drupal/graphql/locationsListingPage.graphql.js" classname="/Users/timothycharleswright/Sites/va-gov/content-build/src/site/stages/build/drupal/graphql/locationsListingPage.graphql" />
</testsuite>
<testsuite package="org.eslint" time="0" tests="1" errors="0" name="/Users/timothycharleswright/Sites/va-gov/content-build/src/site/stages/build/drupal/graphql/navigation-fragments/allSideNavMachineNames.nav.graphql.js">
<testcase time="0" name="/Users/timothycharleswright/Sites/va-gov/content-build/src/site/stages/build/drupal/graphql/navigation-fragments/allSideNavMachineNames.nav.graphql.js" classname="/Users/timothycharleswright/Sites/va-gov/content-build/src/site/stages/build/drupal/graphql/navigation-fragments/allSideNavMachineNames.nav.graphql" />
</testsuite>
<testsuite package="org.eslint" time="0" tests="1" errors="1" name="/Users/timothycharleswright/Sites/va-gov/content-build/src/site/stages/build/drupal/graphql/navigation-fragments/facilitySidebar.nav.graphql.js">
<testcase time="0" name="org.eslint.import/no-useless-path-segments" classname="/Users/timothycharleswright/Sites/va-gov/content-build/src/site/stages/build/drupal/graphql/navigation-fragments/facilitySidebar.nav.graphql"><failure message="Useless path segments for &quot;./../../../../../utilities/stringHelpers&quot;, should be &quot;../../../../../utilities/stringHelpers&quot;"><![CDATA[line 7, col 30, Error - Useless path segments for &quot;./../../../../../utilities/stringHelpers&quot;, should be &quot;../../../../../utilities/stringHelpers&quot; (import/no-useless-path-segments)]]></failure></testcase>
</testsuite>
<testsuite package="org.eslint" time="0" tests="1" errors="0" name="/Users/timothycharleswright/Sites/va-gov/content-build/src/site/stages/build/drupal/graphql/navigation-fragments/header.nav.graphql.js">
<testcase time="0" name="/Users/timothycharleswright/Sites/va-gov/content-build/src/site/stages/build/drupal/graphql/navigation-fragments/header.nav.graphql.js" classname="/Users/timothycharleswright/Sites/va-gov/content-build/src/site/stages/build/drupal/graphql/navigation-fragments/header.nav.graphql" />
</testsuite>
<testsuite package="org.eslint" time="0" tests="1" errors="0" name="/Users/timothycharleswright/Sites/va-gov/content-build/src/site/stages/build/drupal/graphql/navigation-fragments/menuLinks.nav.graphql.js">
<testcase time="0" name="/Users/timothycharleswright/Sites/va-gov/content-build/src/site/stages/build/drupal/graphql/navigation-fragments/menuLinks.nav.graphql.js" classname="/Users/timothycharleswright/Sites/va-gov/content-build/src/site/stages/build/drupal/graphql/navigation-fragments/menuLinks.nav.graphql" />
</testsuite>
<testsuite package="org.eslint" time="0" tests="1" errors="0" name="/Users/timothycharleswright/Sites/va-gov/content-build/src/site/stages/build/drupal/graphql/navigation-fragments/outreachSidebar.nav.graphql.js">
<testcase time="0" name="/Users/timothycharleswright/Sites/va-gov/content-build/src/site/stages/build/drupal/graphql/navigation-fragments/outreachSidebar.nav.graphql.js" classname="/Users/timothycharleswright/Sites/va-gov/content-build/src/site/stages/build/drupal/graphql/navigation-fragments/outreachSidebar.nav.graphql" />
</testsuite>
<testsuite package="org.eslint" time="0" tests="1" errors="1" name="/Users/timothycharleswright/Sites/va-gov/content-build/src/site/stages/build/drupal/graphql/navigation-fragments/sidebar.nav.graphql.js">
<testcase time="0" name="org.eslint.import/no-useless-path-segments" classname="/Users/timothycharleswright/Sites/va-gov/content-build/src/site/stages/build/drupal/graphql/navigation-fragments/sidebar.nav.graphql"><failure message="Useless path segments for &quot;./../../../../../utilities/stringHelpers&quot;, should be &quot;../../../../../utilities/stringHelpers&quot;"><![CDATA[line 11, col 30, Error - Useless path segments for &quot;./../../../../../utilities/stringHelpers&quot;, should be &quot;../../../../../utilities/stringHelpers&quot; (import/no-useless-path-segments)]]></failure></testcase>
</testsuite>
<testsuite package="org.eslint" time="0" tests="1" errors="0" name="/Users/timothycharleswright/Sites/va-gov/content-build/src/site/stages/build/drupal/graphql/newStoryPage.graphql.js">
<testcase time="0" name="/Users/timothycharleswright/Sites/va-gov/content-build/src/site/stages/build/drupal/graphql/newStoryPage.graphql.js" classname="/Users/timothycharleswright/Sites/va-gov/content-build/src/site/stages/build/drupal/graphql/newStoryPage.graphql" />
</testsuite>
<testsuite package="org.eslint" time="0" tests="1" errors="0" name="/Users/timothycharleswright/Sites/va-gov/content-build/src/site/stages/build/drupal/graphql/nodeBasicLandingPage.graphql.js">
<testcase time="0" name="/Users/timothycharleswright/Sites/va-gov/content-build/src/site/stages/build/drupal/graphql/nodeBasicLandingPage.graphql.js" classname="/Users/timothycharleswright/Sites/va-gov/content-build/src/site/stages/build/drupal/graphql/nodeBasicLandingPage.graphql" />
</testsuite>
<testsuite package="org.eslint" time="0" tests="1" errors="0" name="/Users/timothycharleswright/Sites/va-gov/content-build/src/site/stages/build/drupal/graphql/nodeChecklist.graphql.js">
<testcase time="0" name="/Users/timothycharleswright/Sites/va-gov/content-build/src/site/stages/build/drupal/graphql/nodeChecklist.graphql.js" classname="/Users/timothycharleswright/Sites/va-gov/content-build/src/site/stages/build/drupal/graphql/nodeChecklist.graphql" />
</testsuite>
<testsuite package="org.eslint" time="0" tests="1" errors="0" name="/Users/timothycharleswright/Sites/va-gov/content-build/src/site/stages/build/drupal/graphql/nodeMediaListImages.graphql.js">
<testcase time="0" name="/Users/timothycharleswright/Sites/va-gov/content-build/src/site/stages/build/drupal/graphql/nodeMediaListImages.graphql.js" classname="/Users/timothycharleswright/Sites/va-gov/content-build/src/site/stages/build/drupal/graphql/nodeMediaListImages.graphql" />
</testsuite>
<testsuite package="org.eslint" time="0" tests="1" errors="0" name="/Users/timothycharleswright/Sites/va-gov/content-build/src/site/stages/build/drupal/graphql/nodeMediaListVideos.graphql.js">
<testcase time="0" name="/Users/timothycharleswright/Sites/va-gov/content-build/src/site/stages/build/drupal/graphql/nodeMediaListVideos.graphql.js" classname="/Users/timothycharleswright/Sites/va-gov/content-build/src/site/stages/build/drupal/graphql/nodeMediaListVideos.graphql" />
</testsuite>
<testsuite package="org.eslint" time="0" tests="1" errors="0" name="/Users/timothycharleswright/Sites/va-gov/content-build/src/site/stages/build/drupal/graphql/nodeQa.graphql.js">
<testcase time="0" name="/Users/timothycharleswright/Sites/va-gov/content-build/src/site/stages/build/drupal/graphql/nodeQa.graphql.js" classname="/Users/timothycharleswright/Sites/va-gov/content-build/src/site/stages/build/drupal/graphql/nodeQa.graphql" />
</testsuite>
<testsuite package="org.eslint" time="0" tests="1" errors="0" name="/Users/timothycharleswright/Sites/va-gov/content-build/src/site/stages/build/drupal/graphql/nodeStepByStep.graphql.js">
<testcase time="0" name="/Users/timothycharleswright/Sites/va-gov/content-build/src/site/stages/build/drupal/graphql/nodeStepByStep.graphql.js" classname="/Users/timothycharleswright/Sites/va-gov/content-build/src/site/stages/build/drupal/graphql/nodeStepByStep.graphql" />
</testsuite>
<testsuite package="org.eslint" time="0" tests="1" errors="0" name="/Users/timothycharleswright/Sites/va-gov/content-build/src/site/stages/build/drupal/graphql/nodeSupportResourcesDetailPage.graphql.js">
<testcase time="0" name="/Users/timothycharleswright/Sites/va-gov/content-build/src/site/stages/build/drupal/graphql/nodeSupportResourcesDetailPage.graphql.js" classname="/Users/timothycharleswright/Sites/va-gov/content-build/src/site/stages/build/drupal/graphql/nodeSupportResourcesDetailPage.graphql" />
</testsuite>
<testsuite package="org.eslint" time="0" tests="1" errors="0" name="/Users/timothycharleswright/Sites/va-gov/content-build/src/site/stages/build/drupal/graphql/officePage.graphql.js">
<testcase time="0" name="/Users/timothycharleswright/Sites/va-gov/content-build/src/site/stages/build/drupal/graphql/officePage.graphql.js" classname="/Users/timothycharleswright/Sites/va-gov/content-build/src/site/stages/build/drupal/graphql/officePage.graphql" />
</testsuite>
<testsuite package="org.eslint" time="0" tests="1" errors="0" name="/Users/timothycharleswright/Sites/va-gov/content-build/src/site/stages/build/drupal/graphql/page.graphql.js">
<testcase time="0" name="/Users/timothycharleswright/Sites/va-gov/content-build/src/site/stages/build/drupal/graphql/page.graphql.js" classname="/Users/timothycharleswright/Sites/va-gov/content-build/src/site/stages/build/drupal/graphql/page.graphql" />
</testsuite>
<testsuite package="org.eslint" time="0" tests="3" errors="3" name="/Users/timothycharleswright/Sites/va-gov/content-build/src/site/stages/build/drupal/graphql/paragraph-fragments/alert.paragraph.graphql.js">
<testcase time="0" name="org.eslint.prettier/prettier" classname="/Users/timothycharleswright/Sites/va-gov/content-build/src/site/stages/build/drupal/graphql/paragraph-fragments/alert.paragraph.graphql"><failure message="Insert `&#183;`"><![CDATA[line 2, col 1, Error - Insert `&#183;` (prettier/prettier)]]></failure></testcase>
<testcase time="0" name="org.eslint.prettier/prettier" classname="/Users/timothycharleswright/Sites/va-gov/content-build/src/site/stages/build/drupal/graphql/paragraph-fragments/alert.paragraph.graphql"><failure message="Insert `&#183;`"><![CDATA[line 3, col 1, Error - Insert `&#183;` (prettier/prettier)]]></failure></testcase>
<testcase time="0" name="org.eslint.prettier/prettier" classname="/Users/timothycharleswright/Sites/va-gov/content-build/src/site/stages/build/drupal/graphql/paragraph-fragments/alert.paragraph.graphql"><failure message="Insert `&#183;`"><![CDATA[line 4, col 1, Error - Insert `&#183;` (prettier/prettier)]]></failure></testcase>
</testsuite>
<testsuite package="org.eslint" time="0" tests="1" errors="0" name="/Users/timothycharleswright/Sites/va-gov/content-build/src/site/stages/build/drupal/graphql/paragraph-fragments/alertSingle.paragraph.graphql.js">
<testcase time="0" name="/Users/timothycharleswright/Sites/va-gov/content-build/src/site/stages/build/drupal/graphql/paragraph-fragments/alertSingle.paragraph.graphql.js" classname="/Users/timothycharleswright/Sites/va-gov/content-build/src/site/stages/build/drupal/graphql/paragraph-fragments/alertSingle.paragraph.graphql" />
</testsuite>
<testsuite package="org.eslint" time="0" tests="1" errors="0" name="/Users/timothycharleswright/Sites/va-gov/content-build/src/site/stages/build/drupal/graphql/paragraph-fragments/audienceTopics.paragraph.graphql.js">
<testcase time="0" name="/Users/timothycharleswright/Sites/va-gov/content-build/src/site/stages/build/drupal/graphql/paragraph-fragments/audienceTopics.paragraph.graphql.js" classname="/Users/timothycharleswright/Sites/va-gov/content-build/src/site/stages/build/drupal/graphql/paragraph-fragments/audienceTopics.paragraph.graphql" />
</testsuite>
<testsuite package="org.eslint" time="0" tests="1" errors="0" name="/Users/timothycharleswright/Sites/va-gov/content-build/src/site/stages/build/drupal/graphql/paragraph-fragments/button.paragraph.graphql.js">
<testcase time="0" name="/Users/timothycharleswright/Sites/va-gov/content-build/src/site/stages/build/drupal/graphql/paragraph-fragments/button.paragraph.graphql.js" classname="/Users/timothycharleswright/Sites/va-gov/content-build/src/site/stages/build/drupal/graphql/paragraph-fragments/button.paragraph.graphql" />
</testsuite>
<testsuite package="org.eslint" time="0" tests="1" errors="0" name="/Users/timothycharleswright/Sites/va-gov/content-build/src/site/stages/build/drupal/graphql/paragraph-fragments/collapsiblePanel.paragraph.graphql.js">
<testcase time="0" name="/Users/timothycharleswright/Sites/va-gov/content-build/src/site/stages/build/drupal/graphql/paragraph-fragments/collapsiblePanel.paragraph.graphql.js" classname="/Users/timothycharleswright/Sites/va-gov/content-build/src/site/stages/build/drupal/graphql/paragraph-fragments/collapsiblePanel.paragraph.graphql" />
</testsuite>
<testsuite package="org.eslint" time="0" tests="1" errors="0" name="/Users/timothycharleswright/Sites/va-gov/content-build/src/site/stages/build/drupal/graphql/paragraph-fragments/contactInformation.paragraph.graphql.js">
<testcase time="0" name="/Users/timothycharleswright/Sites/va-gov/content-build/src/site/stages/build/drupal/graphql/paragraph-fragments/contactInformation.paragraph.graphql.js" classname="/Users/timothycharleswright/Sites/va-gov/content-build/src/site/stages/build/drupal/graphql/paragraph-fragments/contactInformation.paragraph.graphql" />
</testsuite>
<testsuite package="org.eslint" time="0" tests="1" errors="0" name="/Users/timothycharleswright/Sites/va-gov/content-build/src/site/stages/build/drupal/graphql/paragraph-fragments/downloadableFile.paragraph.graphql.js">
<testcase time="0" name="/Users/timothycharleswright/Sites/va-gov/content-build/src/site/stages/build/drupal/graphql/paragraph-fragments/downloadableFile.paragraph.graphql.js" classname="/Users/timothycharleswright/Sites/va-gov/content-build/src/site/stages/build/drupal/graphql/paragraph-fragments/downloadableFile.paragraph.graphql" />
</testsuite>
<testsuite package="org.eslint" time="0" tests="1" errors="0" name="/Users/timothycharleswright/Sites/va-gov/content-build/src/site/stages/build/drupal/graphql/paragraph-fragments/emailContact.paragraph.graphql.js">
<testcase time="0" name="/Users/timothycharleswright/Sites/va-gov/content-build/src/site/stages/build/drupal/graphql/paragraph-fragments/emailContact.paragraph.graphql.js" classname="/Users/timothycharleswright/Sites/va-gov/content-build/src/site/stages/build/drupal/graphql/paragraph-fragments/emailContact.paragraph.graphql" />
</testsuite>
<testsuite package="org.eslint" time="0" tests="1" errors="0" name="/Users/timothycharleswright/Sites/va-gov/content-build/src/site/stages/build/drupal/graphql/paragraph-fragments/linkTeaser.paragraph.graphql.js">
<testcase time="0" name="/Users/timothycharleswright/Sites/va-gov/content-build/src/site/stages/build/drupal/graphql/paragraph-fragments/linkTeaser.paragraph.graphql.js" classname="/Users/timothycharleswright/Sites/va-gov/content-build/src/site/stages/build/drupal/graphql/paragraph-fragments/linkTeaser.paragraph.graphql" />
</testsuite>
<testsuite package="org.eslint" time="0" tests="1" errors="0" name="/Users/timothycharleswright/Sites/va-gov/content-build/src/site/stages/build/drupal/graphql/paragraph-fragments/listOfLinkTeasers.paragraph.graphql.js">
<testcase time="0" name="/Users/timothycharleswright/Sites/va-gov/content-build/src/site/stages/build/drupal/graphql/paragraph-fragments/listOfLinkTeasers.paragraph.graphql.js" classname="/Users/timothycharleswright/Sites/va-gov/content-build/src/site/stages/build/drupal/graphql/paragraph-fragments/listOfLinkTeasers.paragraph.graphql" />
</testsuite>
<testsuite package="org.eslint" time="0" tests="1" errors="0" name="/Users/timothycharleswright/Sites/va-gov/content-build/src/site/stages/build/drupal/graphql/paragraph-fragments/listsOfLinks.paragraph.graphql.js">
<testcase time="0" name="/Users/timothycharleswright/Sites/va-gov/content-build/src/site/stages/build/drupal/graphql/paragraph-fragments/listsOfLinks.paragraph.graphql.js" classname="/Users/timothycharleswright/Sites/va-gov/content-build/src/site/stages/build/drupal/graphql/paragraph-fragments/listsOfLinks.paragraph.graphql" />
</testsuite>
<testsuite package="org.eslint" time="0" tests="1" errors="0" name="/Users/timothycharleswright/Sites/va-gov/content-build/src/site/stages/build/drupal/graphql/paragraph-fragments/media.paragraph.graphql.js">
<testcase time="0" name="/Users/timothycharleswright/Sites/va-gov/content-build/src/site/stages/build/drupal/graphql/paragraph-fragments/media.paragraph.graphql.js" classname="/Users/timothycharleswright/Sites/va-gov/content-build/src/site/stages/build/drupal/graphql/paragraph-fragments/media.paragraph.graphql" />
</testsuite>
<testsuite package="org.eslint" time="0" tests="1" errors="0" name="/Users/timothycharleswright/Sites/va-gov/content-build/src/site/stages/build/drupal/graphql/paragraph-fragments/numberCallout.paragraph.graphql.js">
<testcase time="0" name="/Users/timothycharleswright/Sites/va-gov/content-build/src/site/stages/build/drupal/graphql/paragraph-fragments/numberCallout.paragraph.graphql.js" classname="/Users/timothycharleswright/Sites/va-gov/content-build/src/site/stages/build/drupal/graphql/paragraph-fragments/numberCallout.paragraph.graphql" />
</testsuite>
<testsuite package="org.eslint" time="0" tests="1" errors="0" name="/Users/timothycharleswright/Sites/va-gov/content-build/src/site/stages/build/drupal/graphql/paragraph-fragments/phoneNumber.paragraph.graphql.js">
<testcase time="0" name="/Users/timothycharleswright/Sites/va-gov/content-build/src/site/stages/build/drupal/graphql/paragraph-fragments/phoneNumber.paragraph.graphql.js" classname="/Users/timothycharleswright/Sites/va-gov/content-build/src/site/stages/build/drupal/graphql/paragraph-fragments/phoneNumber.paragraph.graphql" />
</testsuite>
<testsuite package="org.eslint" time="0" tests="1" errors="0" name="/Users/timothycharleswright/Sites/va-gov/content-build/src/site/stages/build/drupal/graphql/paragraph-fragments/process.paragraph.graphql.js">
<testcase time="0" name="/Users/timothycharleswright/Sites/va-gov/content-build/src/site/stages/build/drupal/graphql/paragraph-fragments/process.paragraph.graphql.js" classname="/Users/timothycharleswright/Sites/va-gov/content-build/src/site/stages/build/drupal/graphql/paragraph-fragments/process.paragraph.graphql" />
</testsuite>
<testsuite package="org.eslint" time="0" tests="1" errors="0" name="/Users/timothycharleswright/Sites/va-gov/content-build/src/site/stages/build/drupal/graphql/paragraph-fragments/qa.paragraph.graphql.js">
<testcase time="0" name="/Users/timothycharleswright/Sites/va-gov/content-build/src/site/stages/build/drupal/graphql/paragraph-fragments/qa.paragraph.graphql.js" classname="/Users/timothycharleswright/Sites/va-gov/content-build/src/site/stages/build/drupal/graphql/paragraph-fragments/qa.paragraph.graphql" />
</testsuite>
<testsuite package="org.eslint" time="0" tests="1" errors="0" name="/Users/timothycharleswright/Sites/va-gov/content-build/src/site/stages/build/drupal/graphql/paragraph-fragments/qaSection.paragraph.graphql.js">
<testcase time="0" name="/Users/timothycharleswright/Sites/va-gov/content-build/src/site/stages/build/drupal/graphql/paragraph-fragments/qaSection.paragraph.graphql.js" classname="/Users/timothycharleswright/Sites/va-gov/content-build/src/site/stages/build/drupal/graphql/paragraph-fragments/qaSection.paragraph.graphql" />
</testsuite>
<testsuite package="org.eslint" time="0" tests="1" errors="0" name="/Users/timothycharleswright/Sites/va-gov/content-build/src/site/stages/build/drupal/graphql/paragraph-fragments/reactWidget.paragraph.graphql.js">
<testcase time="0" name="/Users/timothycharleswright/Sites/va-gov/content-build/src/site/stages/build/drupal/graphql/paragraph-fragments/reactWidget.paragraph.graphql.js" classname="/Users/timothycharleswright/Sites/va-gov/content-build/src/site/stages/build/drupal/graphql/paragraph-fragments/reactWidget.paragraph.graphql" />
</testsuite>
<testsuite package="org.eslint" time="0" tests="1" errors="0" name="/Users/timothycharleswright/Sites/va-gov/content-build/src/site/stages/build/drupal/graphql/paragraph-fragments/richTextCharLimit1000.paragraph.graphql.js">
<testcase time="0" name="/Users/timothycharleswright/Sites/va-gov/content-build/src/site/stages/build/drupal/graphql/paragraph-fragments/richTextCharLimit1000.paragraph.graphql.js" classname="/Users/timothycharleswright/Sites/va-gov/content-build/src/site/stages/build/drupal/graphql/paragraph-fragments/richTextCharLimit1000.paragraph.graphql" />
</testsuite>
<testsuite package="org.eslint" time="0" tests="3" errors="3" name="/Users/timothycharleswright/Sites/va-gov/content-build/src/site/stages/build/drupal/graphql/paragraph-fragments/serviceLocation.paragraph.graphql.js">
<testcase time="0" name="org.eslint.prettier/prettier" classname="/Users/timothycharleswright/Sites/va-gov/content-build/src/site/stages/build/drupal/graphql/paragraph-fragments/serviceLocation.paragraph.graphql"><failure message="Insert `&#183;`"><![CDATA[line 2, col 1, Error - Insert `&#183;` (prettier/prettier)]]></failure></testcase>
<testcase time="0" name="org.eslint.prettier/prettier" classname="/Users/timothycharleswright/Sites/va-gov/content-build/src/site/stages/build/drupal/graphql/paragraph-fragments/serviceLocation.paragraph.graphql"><failure message="Insert `&#183;`"><![CDATA[line 3, col 1, Error - Insert `&#183;` (prettier/prettier)]]></failure></testcase>
<testcase time="0" name="org.eslint.prettier/prettier" classname="/Users/timothycharleswright/Sites/va-gov/content-build/src/site/stages/build/drupal/graphql/paragraph-fragments/serviceLocation.paragraph.graphql"><failure message="Insert `&#183;`"><![CDATA[line 4, col 1, Error - Insert `&#183;` (prettier/prettier)]]></failure></testcase>
</testsuite>
<testsuite package="org.eslint" time="0" tests="1" errors="0" name="/Users/timothycharleswright/Sites/va-gov/content-build/src/site/stages/build/drupal/graphql/paragraph-fragments/spanishSummary.paragraph.graphql.js">
<testcase time="0" name="/Users/timothycharleswright/Sites/va-gov/content-build/src/site/stages/build/drupal/graphql/paragraph-fragments/spanishSummary.paragraph.graphql.js" classname="/Users/timothycharleswright/Sites/va-gov/content-build/src/site/stages/build/drupal/graphql/paragraph-fragments/spanishSummary.paragraph.graphql" />
</testsuite>
<testsuite package="org.eslint" time="0" tests="1" errors="0" name="/Users/timothycharleswright/Sites/va-gov/content-build/src/site/stages/build/drupal/graphql/paragraph-fragments/staffProfile.paragraph.graphql.js">
<testcase time="0" name="/Users/timothycharleswright/Sites/va-gov/content-build/src/site/stages/build/drupal/graphql/paragraph-fragments/staffProfile.paragraph.graphql.js" classname="/Users/timothycharleswright/Sites/va-gov/content-build/src/site/stages/build/drupal/graphql/paragraph-fragments/staffProfile.paragraph.graphql" />
</testsuite>
<testsuite package="org.eslint" time="0" tests="1" errors="0" name="/Users/timothycharleswright/Sites/va-gov/content-build/src/site/stages/build/drupal/graphql/paragraph-fragments/table.paragraph.graphql.js">
<testcase time="0" name="/Users/timothycharleswright/Sites/va-gov/content-build/src/site/stages/build/drupal/graphql/paragraph-fragments/table.paragraph.graphql.js" classname="/Users/timothycharleswright/Sites/va-gov/content-build/src/site/stages/build/drupal/graphql/paragraph-fragments/table.paragraph.graphql" />
</testsuite>
<testsuite package="org.eslint" time="0" tests="1" errors="0" name="/Users/timothycharleswright/Sites/va-gov/content-build/src/site/stages/build/drupal/graphql/paragraph-fragments/wysiwyg.paragraph.graphql.js">
<testcase time="0" name="/Users/timothycharleswright/Sites/va-gov/content-build/src/site/stages/build/drupal/graphql/paragraph-fragments/wysiwyg.paragraph.graphql.js" classname="/Users/timothycharleswright/Sites/va-gov/content-build/src/site/stages/build/drupal/graphql/paragraph-fragments/wysiwyg.paragraph.graphql" />
</testsuite>
<testsuite package="org.eslint" time="0" tests="1" errors="0" name="/Users/timothycharleswright/Sites/va-gov/content-build/src/site/stages/build/drupal/graphql/pressReleasePage.graphql.js">
<testcase time="0" name="/Users/timothycharleswright/Sites/va-gov/content-build/src/site/stages/build/drupal/graphql/pressReleasePage.graphql.js" classname="/Users/timothycharleswright/Sites/va-gov/content-build/src/site/stages/build/drupal/graphql/pressReleasePage.graphql" />
</testsuite>
<testsuite package="org.eslint" time="0" tests="1" errors="0" name="/Users/timothycharleswright/Sites/va-gov/content-build/src/site/stages/build/drupal/graphql/pressReleasesListingPage.graphql.js">
<testcase time="0" name="/Users/timothycharleswright/Sites/va-gov/content-build/src/site/stages/build/drupal/graphql/pressReleasesListingPage.graphql.js" classname="/Users/timothycharleswright/Sites/va-gov/content-build/src/site/stages/build/drupal/graphql/pressReleasesListingPage.graphql" />
</testsuite>
<testsuite package="org.eslint" time="0" tests="1" errors="0" name="/Users/timothycharleswright/Sites/va-gov/content-build/src/site/stages/build/drupal/graphql/sideNavMenus.graphql.js">
<testcase time="0" name="/Users/timothycharleswright/Sites/va-gov/content-build/src/site/stages/build/drupal/graphql/sideNavMenus.graphql.js" classname="/Users/timothycharleswright/Sites/va-gov/content-build/src/site/stages/build/drupal/graphql/sideNavMenus.graphql" />
</testsuite>
<testsuite package="org.eslint" time="0" tests="1" errors="0" name="/Users/timothycharleswright/Sites/va-gov/content-build/src/site/stages/build/drupal/graphql/storyListingPage.graphql.js">
<testcase time="0" name="/Users/timothycharleswright/Sites/va-gov/content-build/src/site/stages/build/drupal/graphql/storyListingPage.graphql.js" classname="/Users/timothycharleswright/Sites/va-gov/content-build/src/site/stages/build/drupal/graphql/storyListingPage.graphql" />
</testsuite>
<testsuite package="org.eslint" time="0" tests="1" errors="0" name="/Users/timothycharleswright/Sites/va-gov/content-build/src/site/stages/build/drupal/graphql/supportService.graphql.js">
<testcase time="0" name="/Users/timothycharleswright/Sites/va-gov/content-build/src/site/stages/build/drupal/graphql/supportService.graphql.js" classname="/Users/timothycharleswright/Sites/va-gov/content-build/src/site/stages/build/drupal/graphql/supportService.graphql" />
</testsuite>
<testsuite package="org.eslint" time="0" tests="1" errors="0" name="/Users/timothycharleswright/Sites/va-gov/content-build/src/site/stages/build/drupal/graphql/taxonomy-fragments/administration.taxonomy.graphql.js">
<testcase time="0" name="/Users/timothycharleswright/Sites/va-gov/content-build/src/site/stages/build/drupal/graphql/taxonomy-fragments/administration.taxonomy.graphql.js" classname="/Users/timothycharleswright/Sites/va-gov/content-build/src/site/stages/build/drupal/graphql/taxonomy-fragments/administration.taxonomy.graphql" />
</testsuite>
<testsuite package="org.eslint" time="0" tests="1" errors="0" name="/Users/timothycharleswright/Sites/va-gov/content-build/src/site/stages/build/drupal/graphql/taxonomy-fragments/audienceBeneficiaries.taxonomy.graphql.js">
<testcase time="0" name="/Users/timothycharleswright/Sites/va-gov/content-build/src/site/stages/build/drupal/graphql/taxonomy-fragments/audienceBeneficiaries.taxonomy.graphql.js" classname="/Users/timothycharleswright/Sites/va-gov/content-build/src/site/stages/build/drupal/graphql/taxonomy-fragments/audienceBeneficiaries.taxonomy.graphql" />
</testsuite>
<testsuite package="org.eslint" time="0" tests="1" errors="0" name="/Users/timothycharleswright/Sites/va-gov/content-build/src/site/stages/build/drupal/graphql/taxonomy-fragments/termLcCategory.taxonomy.graphql.js">
<testcase time="0" name="/Users/timothycharleswright/Sites/va-gov/content-build/src/site/stages/build/drupal/graphql/taxonomy-fragments/termLcCategory.taxonomy.graphql.js" classname="/Users/timothycharleswright/Sites/va-gov/content-build/src/site/stages/build/drupal/graphql/taxonomy-fragments/termLcCategory.taxonomy.graphql" />
</testsuite>
<testsuite package="org.eslint" time="0" tests="1" errors="0" name="/Users/timothycharleswright/Sites/va-gov/content-build/src/site/stages/build/drupal/graphql/taxonomy-fragments/termTopics.taxonomy.graphql.js">
<testcase time="0" name="/Users/timothycharleswright/Sites/va-gov/content-build/src/site/stages/build/drupal/graphql/taxonomy-fragments/termTopics.taxonomy.graphql.js" classname="/Users/timothycharleswright/Sites/va-gov/content-build/src/site/stages/build/drupal/graphql/taxonomy-fragments/termTopics.taxonomy.graphql" />
</testsuite>
<testsuite package="org.eslint" time="0" tests="1" errors="0" name="/Users/timothycharleswright/Sites/va-gov/content-build/src/site/stages/build/drupal/graphql/vaFormPage.graphql.js">
<testcase time="0" name="/Users/timothycharleswright/Sites/va-gov/content-build/src/site/stages/build/drupal/graphql/vaFormPage.graphql.js" classname="/Users/timothycharleswright/Sites/va-gov/content-build/src/site/stages/build/drupal/graphql/vaFormPage.graphql" />
</testsuite>
<testsuite package="org.eslint" time="0" tests="1" errors="0" name="/Users/timothycharleswright/Sites/va-gov/content-build/src/site/stages/build/drupal/graphql/vamcOperatingStatusAndAlerts.graphql.js">
<testcase time="0" name="/Users/timothycharleswright/Sites/va-gov/content-build/src/site/stages/build/drupal/graphql/vamcOperatingStatusAndAlerts.graphql.js" classname="/Users/timothycharleswright/Sites/va-gov/content-build/src/site/stages/build/drupal/graphql/vamcOperatingStatusAndAlerts.graphql" />
</testsuite>
<testsuite package="org.eslint" time="0" tests="6" errors="6" name="/Users/timothycharleswright/Sites/va-gov/content-build/src/site/stages/build/drupal/health-care-region.js">
<testcase time="0" name="org.eslint.import/order" classname="/Users/timothycharleswright/Sites/va-gov/content-build/src/site/stages/build/drupal/health-care-region"><failure message="`./page` import should occur after import of `moment`"><![CDATA[line 8, col 5, Error - `./page` import should occur after import of `moment` (import/order)]]></failure></testcase>
<testcase time="0" name="org.eslint.prefer-destructuring" classname="/Users/timothycharleswright/Sites/va-gov/content-build/src/site/stages/build/drupal/health-care-region"><failure message="Use object destructuring."><![CDATA[line 41, col 11, Error - Use object destructuring. (prefer-destructuring)]]></failure></testcase>
<testcase time="0" name="org.eslint.prettier/prettier" classname="/Users/timothycharleswright/Sites/va-gov/content-build/src/site/stages/build/drupal/health-care-region"><failure message="Delete `&#9166;&#183;&#183;&#183;&#183;`"><![CDATA[line 240, col 33, Error - Delete `&#9166;&#183;&#183;&#183;&#183;` (prettier/prettier)]]></failure></testcase>
<testcase time="0" name="org.eslint.prettier/prettier" classname="/Users/timothycharleswright/Sites/va-gov/content-build/src/site/stages/build/drupal/health-care-region"><failure message="Delete `&#183;&#183;`"><![CDATA[line 242, col 1, Error - Delete `&#183;&#183;` (prettier/prettier)]]></failure></testcase>
<testcase time="0" name="org.eslint.prettier/prettier" classname="/Users/timothycharleswright/Sites/va-gov/content-build/src/site/stages/build/drupal/health-care-region"><failure message="Delete `&#183;&#183;`"><![CDATA[line 243, col 1, Error - Delete `&#183;&#183;` (prettier/prettier)]]></failure></testcase>
<testcase time="0" name="org.eslint.prettier/prettier" classname="/Users/timothycharleswright/Sites/va-gov/content-build/src/site/stages/build/drupal/health-care-region"><failure message="Delete `&#183;&#183;`"><![CDATA[line 244, col 1, Error - Delete `&#183;&#183;` (prettier/prettier)]]></failure></testcase>
</testsuite>
<testsuite package="org.eslint" time="0" tests="1" errors="0" name="/Users/timothycharleswright/Sites/va-gov/content-build/src/site/stages/build/drupal/home.js">
<testcase time="0" name="/Users/timothycharleswright/Sites/va-gov/content-build/src/site/stages/build/drupal/home.js" classname="/Users/timothycharleswright/Sites/va-gov/content-build/src/site/stages/build/drupal/home" />
</testsuite>
<testsuite package="org.eslint" time="0" tests="1" errors="0" name="/Users/timothycharleswright/Sites/va-gov/content-build/src/site/stages/build/drupal/load-saved-flags.js">
<testcase time="0" name="/Users/timothycharleswright/Sites/va-gov/content-build/src/site/stages/build/drupal/load-saved-flags.js" classname="/Users/timothycharleswright/Sites/va-gov/content-build/src/site/stages/build/drupal/load-saved-flags" />
</testsuite>
<testsuite package="org.eslint" time="0" tests="1" errors="0" name="/Users/timothycharleswright/Sites/va-gov/content-build/src/site/stages/build/drupal/menus.js">
<testcase time="0" name="/Users/timothycharleswright/Sites/va-gov/content-build/src/site/stages/build/drupal/menus.js" classname="/Users/timothycharleswright/Sites/va-gov/content-build/src/site/stages/build/drupal/menus" />
</testsuite>
<testsuite package="org.eslint" time="0" tests="1" errors="0" name="/Users/timothycharleswright/Sites/va-gov/content-build/src/site/stages/build/drupal/metalsmith-drupal.js">
<testcase time="0" name="/Users/timothycharleswright/Sites/va-gov/content-build/src/site/stages/build/drupal/metalsmith-drupal.js" classname="/Users/timothycharleswright/Sites/va-gov/content-build/src/site/stages/build/drupal/metalsmith-drupal" />
</testsuite>
<testsuite package="org.eslint" time="0" tests="9" errors="9" name="/Users/timothycharleswright/Sites/va-gov/content-build/src/site/stages/build/drupal/page.js">
<testcase time="0" name="org.eslint.prefer-object-spread" classname="/Users/timothycharleswright/Sites/va-gov/content-build/src/site/stages/build/drupal/page"><failure message="Use an object spread instead of `Object.assign` eg: `{ ...foo }`."><![CDATA[line 74, col 23, Error - Use an object spread instead of `Object.assign` eg: `{ ...foo }`. (prefer-object-spread)]]></failure></testcase>
<testcase time="0" name="org.eslint.prefer-object-spread" classname="/Users/timothycharleswright/Sites/va-gov/content-build/src/site/stages/build/drupal/page"><failure message="Use an object spread instead of `Object.assign` eg: `{ ...foo }`."><![CDATA[line 147, col 23, Error - Use an object spread instead of `Object.assign` eg: `{ ...foo }`. (prefer-object-spread)]]></failure></testcase>
<testcase time="0" name="org.eslint.prettier/prettier" classname="/Users/timothycharleswright/Sites/va-gov/content-build/src/site/stages/build/drupal/page"><failure message="Replace `contentData.data).find(&#9166;&#183;&#183;&#183;&#183;&#183;&#183;` with `&#9166;&#183;&#183;&#183;&#183;&#183;&#183;contentData.data,&#9166;&#183;&#183;&#183;&#183;).find(`"><![CDATA[line 239, col 48, Error - Replace `contentData.data).find(&#9166;&#183;&#183;&#183;&#183;&#183;&#183;` with `&#9166;&#183;&#183;&#183;&#183;&#183;&#183;contentData.data,&#9166;&#183;&#183;&#183;&#183;).find(` (prettier/prettier)]]></failure></testcase>
<testcase time="0" name="org.eslint.prettier/prettier" classname="/Users/timothycharleswright/Sites/va-gov/content-build/src/site/stages/build/drupal/page"><failure message="Delete `&#183;&#183;`"><![CDATA[line 241, col 1, Error - Delete `&#183;&#183;` (prettier/prettier)]]></failure></testcase>
<testcase time="0" name="org.eslint.prettier/prettier" classname="/Users/timothycharleswright/Sites/va-gov/content-build/src/site/stages/build/drupal/page"><failure message="Delete `&#183;&#183;`"><![CDATA[line 242, col 1, Error - Delete `&#183;&#183;` (prettier/prettier)]]></failure></testcase>
<testcase time="0" name="org.eslint.prettier/prettier" classname="/Users/timothycharleswright/Sites/va-gov/content-build/src/site/stages/build/drupal/page"><failure message="Delete `&#183;&#183;`"><![CDATA[line 243, col 1, Error - Delete `&#183;&#183;` (prettier/prettier)]]></failure></testcase>
<testcase time="0" name="org.eslint.prefer-object-spread" classname="/Users/timothycharleswright/Sites/va-gov/content-build/src/site/stages/build/drupal/page"><failure message="Use an object spread instead of `Object.assign` eg: `{ ...foo }`."><![CDATA[line 324, col 22, Error - Use an object spread instead of `Object.assign` eg: `{ ...foo }`. (prefer-object-spread)]]></failure></testcase>
[...]
</testsuite>
<testsuite package="org.eslint" time="0" tests="1" errors="0" name="/Users/timothycharleswright/Sites/va-gov/content-build/src/site/stages/build/process-cms-exports/transformers/paragraph-expandable_text.js">
<testcase time="0" name="/Users/timothycharleswright/Sites/va-gov/content-build/src/site/stages/build/process-cms-exports/transformers/paragraph-expandable_text.js" classname="/Users/timothycharleswright/Sites/va-gov/content-build/src/site/stages/build/process-cms-exports/transformers/paragraph-expandable_text" />
</testsuite>
<testsuite package="org.eslint" time="0" tests="1" errors="0" name="/Users/timothycharleswright/Sites/va-gov/content-build/src/site/stages/build/process-cms-exports/transformers/paragraph-health_care_local_facility_servi.js">
<testcase time="0" name="/Users/timothycharleswright/Sites/va-gov/content-build/src/site/stages/build/process-cms-exports/transformers/paragraph-health_care_local_facility_servi.js" classname="/Users/timothycharleswright/Sites/va-gov/content-build/src/site/stages/build/process-cms-exports/transformers/paragraph-health_care_local_facility_servi" />
</testsuite>
<testsuite package="org.eslint" time="0" tests="1" errors="0" name="/Users/timothycharleswright/Sites/va-gov/content-build/src/site/stages/build/process-cms-exports/transformers/paragraph-link_teaser.js">
<testcase time="0" name="/Users/timothycharleswright/Sites/va-gov/content-build/src/site/stages/build/process-cms-exports/transformers/paragraph-link_teaser.js" classname="/Users/timothycharleswright/Sites/va-gov/content-build/src/site/stages/build/process-cms-exports/transformers/paragraph-link_teaser" />
</testsuite>
<testsuite package="org.eslint" time="0" tests="1" errors="0" name="/Users/timothycharleswright/Sites/va-gov/content-build/src/site/stages/build/process-cms-exports/transformers/paragraph-list_of_link_teasers.js">
<testcase time="0" name="/Users/timothycharleswright/Sites/va-gov/content-build/src/site/stages/build/process-cms-exports/transformers/paragraph-list_of_link_teasers.js" classname="/Users/timothycharleswright/Sites/va-gov/content-build/src/site/stages/build/process-cms-exports/transformers/paragraph-list_of_link_teasers" />
</testsuite>
<testsuite package="org.eslint" time="0" tests="1" errors="0" name="/Users/timothycharleswright/Sites/va-gov/content-build/src/site/stages/build/process-cms-exports/transformers/paragraph-lists_of_links.js">
<testcase time="0" name="/Users/timothycharleswright/Sites/va-gov/content-build/src/site/stages/build/process-cms-exports/transformers/paragraph-lists_of_links.js" classname="/Users/timothycharleswright/Sites/va-gov/content-build/src/site/stages/build/process-cms-exports/transformers/paragraph-lists_of_links" />
</testsuite>
<testsuite package="org.eslint" time="0" tests="1" errors="0" name="/Users/timothycharleswright/Sites/va-gov/content-build/src/site/stages/build/process-cms-exports/transformers/paragraph-media.js">
<testcase time="0" name="/Users/timothycharleswright/Sites/va-gov/content-build/src/site/stages/build/process-cms-exports/transformers/paragraph-media.js" classname="/Users/timothycharleswright/Sites/va-gov/content-build/src/site/stages/build/process-cms-exports/transformers/paragraph-media" />
</testsuite>
<testsuite package="org.eslint" time="0" tests="1" errors="0" name="/Users/timothycharleswright/Sites/va-gov/content-build/src/site/stages/build/process-cms-exports/transformers/paragraph-number_callout.js">
<testcase time="0" name="/Users/timothycharleswright/Sites/va-gov/content-build/src/site/stages/build/process-cms-exports/transformers/paragraph-number_callout.js" classname="/Users/timothycharleswright/Sites/va-gov/content-build/src/site/stages/build/process-cms-exports/transformers/paragraph-number_callout" />
</testsuite>
<testsuite package="org.eslint" time="0" tests="1" errors="0" name="/Users/timothycharleswright/Sites/va-gov/content-build/src/site/stages/build/process-cms-exports/transformers/paragraph-phone_number.js">
<testcase time="0" name="/Users/timothycharleswright/Sites/va-gov/content-build/src/site/stages/build/process-cms-exports/transformers/paragraph-phone_number.js" classname="/Users/timothycharleswright/Sites/va-gov/content-build/src/site/stages/build/process-cms-exports/transformers/paragraph-phone_number" />
</testsuite>
<testsuite package="org.eslint" time="0" tests="1" errors="0" name="/Users/timothycharleswright/Sites/va-gov/content-build/src/site/stages/build/process-cms-exports/transformers/paragraph-process.js">
<testcase time="0" name="/Users/timothycharleswright/Sites/va-gov/content-build/src/site/stages/build/process-cms-exports/transformers/paragraph-process.js" classname="/Users/timothycharleswright/Sites/va-gov/content-build/src/site/stages/build/process-cms-exports/transformers/paragraph-process" />
</testsuite>
<testsuite package="org.eslint" time="0" tests="1" errors="0" name="/Users/timothycharleswright/Sites/va-gov/content-build/src/site/stages/build/process-cms-exports/transformers/paragraph-q_a.js">
<testcase time="0" name="/Users/timothycharleswright/Sites/va-gov/content-build/src/site/stages/build/process-cms-exports/transformers/paragraph-q_a.js" classname="/Users/timothycharleswright/Sites/va-gov/content-build/src/site/stages/build/process-cms-exports/transformers/paragraph-q_a" />
</testsuite>
<testsuite package="org.eslint" time="0" tests="1" errors="0" name="/Users/timothycharleswright/Sites/va-gov/content-build/src/site/stages/build/process-cms-exports/transformers/paragraph-q_a_group.js">
<testcase time="0" name="/Users/timothycharleswright/Sites/va-gov/content-build/src/site/stages/build/process-cms-exports/transformers/paragraph-q_a_group.js" classname="/Users/timothycharleswright/Sites/va-gov/content-build/src/site/stages/build/process-cms-exports/transformers/paragraph-q_a_group" />
</testsuite>
<testsuite package="org.eslint" time="0" tests="1" errors="0" name="/Users/timothycharleswright/Sites/va-gov/content-build/src/site/stages/build/process-cms-exports/transformers/paragraph-q_a_section.js">
<testcase time="0" name="/Users/timothycharleswright/Sites/va-gov/content-build/src/site/stages/build/process-cms-exports/transformers/paragraph-q_a_section.js" classname="/Users/timothycharleswright/Sites/va-gov/content-build/src/site/stages/build/process-cms-exports/transformers/paragraph-q_a_section" />
</testsuite>
<testsuite package="org.eslint" time="0" tests="1" errors="0" name="/Users/timothycharleswright/Sites/va-gov/content-build/src/site/stages/build/process-cms-exports/transformers/paragraph-react_widget.js">
<testcase time="0" name="/Users/timothycharleswright/Sites/va-gov/content-build/src/site/stages/build/process-cms-exports/transformers/paragraph-react_widget.js" classname="/Users/timothycharleswright/Sites/va-gov/content-build/src/site/stages/build/process-cms-exports/transformers/paragraph-react_widget" />
</testsuite>
<testsuite package="org.eslint" time="0" tests="1" errors="0" name="/Users/timothycharleswright/Sites/va-gov/content-build/src/site/stages/build/process-cms-exports/transformers/paragraph-rich_text_char_limit_1000.js">
<testcase time="0" name="/Users/timothycharleswright/Sites/va-gov/content-build/src/site/stages/build/process-cms-exports/transformers/paragraph-rich_text_char_limit_1000.js" classname="/Users/timothycharleswright/Sites/va-gov/content-build/src/site/stages/build/process-cms-exports/transformers/paragraph-rich_text_char_limit_1000" />
</testsuite>
<testsuite package="org.eslint" time="0" tests="1" errors="0" name="/Users/timothycharleswright/Sites/va-gov/content-build/src/site/stages/build/process-cms-exports/transformers/paragraph-service_location.js">
<testcase time="0" name="/Users/timothycharleswright/Sites/va-gov/content-build/src/site/stages/build/process-cms-exports/transformers/paragraph-service_location.js" classname="/Users/timothycharleswright/Sites/va-gov/content-build/src/site/stages/build/process-cms-exports/transformers/paragraph-service_location" />
</testsuite>
<testsuite package="org.eslint" time="0" tests="1" errors="1" name="/Users/timothycharleswright/Sites/va-gov/content-build/src/site/stages/build/process-cms-exports/transformers/paragraph-service_location_address.js">
<testcase time="0" name="org.eslint.import/order" classname="/Users/timothycharleswright/Sites/va-gov/content-build/src/site/stages/build/process-cms-exports/transformers/paragraph-service_location_address"><failure message="`lodash` import should occur before import of `./helpers`"><![CDATA[line 2, col 32, Error - `lodash` import should occur before import of `./helpers` (import/order)]]></failure></testcase>
</testsuite>
<testsuite package="org.eslint" time="0" tests="1" errors="1" name="/Users/timothycharleswright/Sites/va-gov/content-build/src/site/stages/build/process-cms-exports/transformers/paragraph-situation_update.js">
<testcase time="0" name="org.eslint.import/order" classname="/Users/timothycharleswright/Sites/va-gov/content-build/src/site/stages/build/process-cms-exports/transformers/paragraph-situation_update"><failure message="`moment-timezone` import should occur before import of `./helpers`"><![CDATA[line 2, col 16, Error - `moment-timezone` import should occur before import of `./helpers` (import/order)]]></failure></testcase>
</testsuite>
<testsuite package="org.eslint" time="0" tests="1" errors="0" name="/Users/timothycharleswright/Sites/va-gov/content-build/src/site/stages/build/process-cms-exports/transformers/paragraph-spanish_translation_summary.js">
<testcase time="0" name="/Users/timothycharleswright/Sites/va-gov/content-build/src/site/stages/build/process-cms-exports/transformers/paragraph-spanish_translation_summary.js" classname="/Users/timothycharleswright/Sites/va-gov/content-build/src/site/stages/build/process-cms-exports/transformers/paragraph-spanish_translation_summary" />
</testsuite>
<testsuite package="org.eslint" time="0" tests="1" errors="0" name="/Users/timothycharleswright/Sites/va-gov/content-build/src/site/stages/build/process-cms-exports/transformers/paragraph-staff_profile.js">
<testcase time="0" name="/Users/timothycharleswright/Sites/va-gov/content-build/src/site/stages/build/process-cms-exports/transformers/paragraph-staff_profile.js" classname="/Users/timothycharleswright/Sites/va-gov/content-build/src/site/stages/build/process-cms-exports/transformers/paragraph-staff_profile" />
</testsuite>
<testsuite package="org.eslint" time="0" tests="1" errors="0" name="/Users/timothycharleswright/Sites/va-gov/content-build/src/site/stages/build/process-cms-exports/transformers/paragraph-step.js">
<testcase time="0" name="/Users/timothycharleswright/Sites/va-gov/content-build/src/site/stages/build/process-cms-exports/transformers/paragraph-step.js" classname="/Users/timothycharleswright/Sites/va-gov/content-build/src/site/stages/build/process-cms-exports/transformers/paragraph-step" />
</testsuite>
<testsuite package="org.eslint" time="0" tests="1" errors="0" name="/Users/timothycharleswright/Sites/va-gov/content-build/src/site/stages/build/process-cms-exports/transformers/paragraph-step_by_step.js">
<testcase time="0" name="/Users/timothycharleswright/Sites/va-gov/content-build/src/site/stages/build/process-cms-exports/transformers/paragraph-step_by_step.js" classname="/Users/timothycharleswright/Sites/va-gov/content-build/src/site/stages/build/process-cms-exports/transformers/paragraph-step_by_step" />
</testsuite>
<testsuite package="org.eslint" time="0" tests="1" errors="0" name="/Users/timothycharleswright/Sites/va-gov/content-build/src/site/stages/build/process-cms-exports/transformers/paragraph-table.js">
<testcase time="0" name="/Users/timothycharleswright/Sites/va-gov/content-build/src/site/stages/build/process-cms-exports/transformers/paragraph-table.js" classname="/Users/timothycharleswright/Sites/va-gov/content-build/src/site/stages/build/process-cms-exports/transformers/paragraph-table" />
</testsuite>
<testsuite package="org.eslint" time="0" tests="1" errors="0" name="/Users/timothycharleswright/Sites/va-gov/content-build/src/site/stages/build/process-cms-exports/transformers/paragraph-wysiwyg.js">
<testcase time="0" name="/Users/timothycharleswright/Sites/va-gov/content-build/src/site/stages/build/process-cms-exports/transformers/paragraph-wysiwyg.js" classname="/Users/timothycharleswright/Sites/va-gov/content-build/src/site/stages/build/process-cms-exports/transformers/paragraph-wysiwyg" />
</testsuite>
<testsuite package="org.eslint" time="0" tests="1" errors="0" name="/Users/timothycharleswright/Sites/va-gov/content-build/src/site/stages/build/process-cms-exports/transformers/taxonomy_term-administration.js">
<testcase time="0" name="/Users/timothycharleswright/Sites/va-gov/content-build/src/site/stages/build/process-cms-exports/transformers/taxonomy_term-administration.js" classname="/Users/timothycharleswright/Sites/va-gov/content-build/src/site/stages/build/process-cms-exports/transformers/taxonomy_term-administration" />
</testsuite>
<testsuite package="org.eslint" time="0" tests="1" errors="0" name="/Users/timothycharleswright/Sites/va-gov/content-build/src/site/stages/build/process-cms-exports/transformers/taxonomy_term-audience_beneficiaries.js">
<testcase time="0" name="/Users/timothycharleswright/Sites/va-gov/content-build/src/site/stages/build/process-cms-exports/transformers/taxonomy_term-audience_beneficiaries.js" classname="/Users/timothycharleswright/Sites/va-gov/content-build/src/site/stages/build/process-cms-exports/transformers/taxonomy_term-audience_beneficiaries" />
</testsuite>
<testsuite package="org.eslint" time="0" tests="1" errors="0" name="/Users/timothycharleswright/Sites/va-gov/content-build/src/site/stages/build/process-cms-exports/transformers/taxonomy_term-health_care_service_taxonomy.js">
<testcase time="0" name="/Users/timothycharleswright/Sites/va-gov/content-build/src/site/stages/build/process-cms-exports/transformers/taxonomy_term-health_care_service_taxonomy.js" classname="/Users/timothycharleswright/Sites/va-gov/content-build/src/site/stages/build/process-cms-exports/transformers/taxonomy_term-health_care_service_taxonomy" />
</testsuite>
<testsuite package="org.eslint" time="0" tests="1" errors="0" name="/Users/timothycharleswright/Sites/va-gov/content-build/src/site/stages/build/process-cms-exports/transformers/taxonomy_term-lc_categories.js">
<testcase time="0" name="/Users/timothycharleswright/Sites/va-gov/content-build/src/site/stages/build/process-cms-exports/transformers/taxonomy_term-lc_categories.js" classname="/Users/timothycharleswright/Sites/va-gov/content-build/src/site/stages/build/process-cms-exports/transformers/taxonomy_term-lc_categories" />
</testsuite>
<testsuite package="org.eslint" time="0" tests="1" errors="0" name="/Users/timothycharleswright/Sites/va-gov/content-build/src/site/stages/build/process-cms-exports/transformers/taxonomy_term-products.js">
<testcase time="0" name="/Users/timothycharleswright/Sites/va-gov/content-build/src/site/stages/build/process-cms-exports/transformers/taxonomy_term-products.js" classname="/Users/timothycharleswright/Sites/va-gov/content-build/src/site/stages/build/process-cms-exports/transformers/taxonomy_term-products" />
</testsuite>
<testsuite package="org.eslint" time="0" tests="1" errors="0" name="/Users/timothycharleswright/Sites/va-gov/content-build/src/site/stages/build/process-cms-exports/transformers/taxonomy_term-topics.js">
<testcase time="0" name="/Users/timothycharleswright/Sites/va-gov/content-build/src/site/stages/build/process-cms-exports/transformers/taxonomy_term-topics.js" classname="/Users/timothycharleswright/Sites/va-gov/content-build/src/site/stages/build/process-cms-exports/transformers/taxonomy_term-topics" />
</testsuite>
<testsuite package="org.eslint" time="0" tests="1" errors="0" name="/Users/timothycharleswright/Sites/va-gov/content-build/src/site/stages/build/process-cms-exports/transformers/user.js">
<testcase time="0" name="/Users/timothycharleswright/Sites/va-gov/content-build/src/site/stages/build/process-cms-exports/transformers/user.js" classname="/Users/timothycharleswright/Sites/va-gov/content-build/src/site/stages/build/process-cms-exports/transformers/user" />
</testsuite>
<testsuite package="org.eslint" time="0" tests="1" errors="0" name="/Users/timothycharleswright/Sites/va-gov/content-build/src/site/stages/build/process-cms-exports/validator.js">
<testcase time="0" name="/Users/timothycharleswright/Sites/va-gov/content-build/src/site/stages/build/process-cms-exports/validator.js" classname="/Users/timothycharleswright/Sites/va-gov/content-build/src/site/stages/build/process-cms-exports/validator" />
</testsuite>
<testsuite package="org.eslint" time="0" tests="1" errors="0" name="/Users/timothycharleswright/Sites/va-gov/content-build/src/site/stages/build/silversmith.js">
<testcase time="0" name="/Users/timothycharleswright/Sites/va-gov/content-build/src/site/stages/build/silversmith.js" classname="/Users/timothycharleswright/Sites/va-gov/content-build/src/site/stages/build/silversmith" />
</testsuite>
<testsuite package="org.eslint" time="0" tests="1" errors="0" name="/Users/timothycharleswright/Sites/va-gov/content-build/src/site/stages/prearchive/index.js">
<testcase time="0" name="/Users/timothycharleswright/Sites/va-gov/content-build/src/site/stages/prearchive/index.js" classname="/Users/timothycharleswright/Sites/va-gov/content-build/src/site/stages/prearchive/index" />
</testsuite>
<testsuite package="org.eslint" time="0" tests="1" errors="1" name="/Users/timothycharleswright/Sites/va-gov/content-build/src/site/stages/prearchive/link-assets-to-bucket.js">
<testcase time="0" name="org.eslint.no-buffer-constructor" classname="/Users/timothycharleswright/Sites/va-gov/content-build/src/site/stages/prearchive/link-assets-to-bucket"><failure message="new Buffer() is deprecated. Use Buffer.from(), Buffer.alloc(), or Buffer.allocUnsafe() instead."><![CDATA[line 72, col 25, Error - new Buffer() is deprecated. Use Buffer.from(), Buffer.alloc(), or Buffer.allocUnsafe() instead. (no-buffer-constructor)]]></failure></testcase>
</testsuite>
<testsuite package="org.eslint" time="0" tests="1" errors="0" name="/Users/timothycharleswright/Sites/va-gov/content-build/src/site/stages/preview/index.js">
<testcase time="0" name="/Users/timothycharleswright/Sites/va-gov/content-build/src/site/stages/preview/index.js" classname="/Users/timothycharleswright/Sites/va-gov/content-build/src/site/stages/preview/index" />
</testsuite>
<testsuite package="org.eslint" time="0" tests="1" errors="1" name="/Users/timothycharleswright/Sites/va-gov/content-build/src/site/tests/home/00-required.e2e.spec.js">
<testcase time="0" name="org.eslint.import/no-unresolved" classname="/Users/timothycharleswright/Sites/va-gov/content-build/src/site/tests/home/00-required.e2e.spec"><failure message="Unable to resolve path to module &apos;platform/testing/e2e/helpers&apos;."><![CDATA[line 4, col 28, Error - Unable to resolve path to module &apos;platform/testing/e2e/helpers&apos;. (import/no-unresolved)]]></failure></testcase>
</testsuite>
<testsuite package="org.eslint" time="0" tests="1" errors="0" name="/Users/timothycharleswright/Sites/va-gov/content-build/src/site/utilities/arrayHelpers.js">
<testcase time="0" name="/Users/timothycharleswright/Sites/va-gov/content-build/src/site/utilities/arrayHelpers.js" classname="/Users/timothycharleswright/Sites/va-gov/content-build/src/site/utilities/arrayHelpers" />
</testsuite>
<testsuite package="org.eslint" time="0" tests="1" errors="0" name="/Users/timothycharleswright/Sites/va-gov/content-build/src/site/utilities/stringHelpers.js">
<testcase time="0" name="/Users/timothycharleswright/Sites/va-gov/content-build/src/site/utilities/stringHelpers.js" classname="/Users/timothycharleswright/Sites/va-gov/content-build/src/site/utilities/stringHelpers" />
</testsuite>
</testsuites>
